{"logTime": "0826/054425", "correlationVector":"90IU8/QLuPdbGvXHexCPBk","action":"Initial GetUpdates", "result":"", "context":Reason: NEW_CLIENT. cV=90IU8/QLuPdbGvXHexCPBk}
{"logTime": "0826/054425", "correlationVector":"90IU8/QLuPdbGvXHexCPBk.2","action":"GetUpdates Response", "result":"Success", "context":Received 1 update(s). cV=90IU8/QLuPdbGvXHexCPBk.0;server=GENERAL0100001H;cloudType=Consumer;environment=Prod_SoutheastAsia_000j;migrationStage=NotStarted}
{"logTime": "0826/054425", "correlationVector":"+MRgi1IjG0v7XNw2BoBK9t","action":"Normal GetUpdate request", "result":"", "context":cV=+MRgi1IjG0v7XNw2BoBK9t
Refresh requested types: Device Info, User Consents, Send Tab To Self, Encryption Keys}
{"logTime": "0826/054425", "correlationVector":"+MRgi1IjG0v7XNw2BoBK9t.1","action":"SyncServerConnectionManagerRequest", "result":"SYNC_SERVER_OK", "context":{"environment":"Prod_SoutheastAsia_000j", "migrationStage":"NotStarted", "server":"GENERAL0300002U"}}
{"logTime": "0826/054425", "correlationVector":"+MRgi1IjG0v7XNw2BoBK9t.2","action":"GetUpdates Response", "result":"Success", "context":Received 0 update(s). cV=+MRgi1IjG0v7XNw2BoBK9t.0;server=GENERAL0300002U;cloudType=Consumer;environment=Prod_SoutheastAsia_000j;migrationStage=NotStarted}
{"logTime": "0826/054924", "correlationVector":"xdAH82SOYaf2wT1E57hALO","action":"Normal GetUpdate request", "result":"", "context":cV=xdAH82SOYaf2wT1E57hALO
Refresh requested types: Device Info, User Consents, Send Tab To Self, Encryption Keys}
{"logTime": "0826/054925", "correlationVector":"xdAH82SOYaf2wT1E57hALO.1","action":"SyncServerConnectionManagerRequest", "result":"SYNC_SERVER_OK", "context":{"environment":"Prod_SoutheastAsia_000j", "migrationStage":"NotStarted", "server":"GENERAL0100001L"}}
{"logTime": "0826/054925", "correlationVector":"xdAH82SOYaf2wT1E57hALO.2","action":"GetUpdates Response", "result":"Success", "context":Received 0 update(s). cV=xdAH82SOYaf2wT1E57hALO.0;server=GENERAL0100001L;cloudType=Consumer;environment=Prod_SoutheastAsia_000j;migrationStage=NotStarted}
{"logTime": "0826/062951", "correlationVector":"ErBNhGda5VoY7kxS2v4NZK.1","action":"SyncServerConnectionManagerRequest", "result":"SYNC_SERVER_OK", "context":{"environment":"Prod_SoutheastAsia_000j", "migrationStage":"NotStarted", "server":"GENERAL01000006"}}
{"logTime": "0826/062952", "correlationVector":"7n+UU20mgnARtiBBgcZMCn","action":"SyncServerConnectionManagerRequest", "result":"SYNC_SERVER_OK", "context":{"environment":"", "migrationStage":"", "server":""}}
{"logTime": "0826/062952", "correlationVector":"ErBNhGda5VoY7kxS2v4NZK","action":"Initial GetUpdates", "result":"", "context":Reason: NEW_CLIENT. cV=ErBNhGda5VoY7kxS2v4NZK}
{"logTime": "0826/062952", "correlationVector":"ErBNhGda5VoY7kxS2v4NZK.2","action":"GetUpdates Response", "result":"Success", "context":Received 1 update(s). cV=ErBNhGda5VoY7kxS2v4NZK.0;server=GENERAL01000006;cloudType=Consumer;environment=Prod_SoutheastAsia_000j;migrationStage=NotStarted}
{"logTime": "0826/062952", "correlationVector":"fhv8aC5nDnzaX/blNzdocd","action":"Normal GetUpdate request", "result":"", "context":cV=fhv8aC5nDnzaX/blNzdocd
Refresh requested types: Device Info, User Consents, Send Tab To Self, Encryption Keys}
{"logTime": "0826/062952", "correlationVector":"fhv8aC5nDnzaX/blNzdocd.1","action":"SyncServerConnectionManagerRequest", "result":"SYNC_SERVER_OK", "context":{"environment":"Prod_SoutheastAsia_000j", "migrationStage":"NotStarted", "server":"GENERAL0100001H"}}
{"logTime": "0826/062952", "correlationVector":"fhv8aC5nDnzaX/blNzdocd.2","action":"GetUpdates Response", "result":"Success", "context":Received 0 update(s). cV=fhv8aC5nDnzaX/blNzdocd.0;server=GENERAL0100001H;cloudType=Consumer;environment=Prod_SoutheastAsia_000j;migrationStage=NotStarted}
{"logTime": "0826/063451", "correlationVector":"Wpi6kAUckWuueviCrMWxfz","action":"Normal GetUpdate request", "result":"", "context":cV=Wpi6kAUckWuueviCrMWxfz
Refresh requested types: Device Info, User Consents, Send Tab To Self, Encryption Keys}
{"logTime": "0826/063451", "correlationVector":"Wpi6kAUckWuueviCrMWxfz.1","action":"SyncServerConnectionManagerRequest", "result":"SYNC_SERVER_OK", "context":{"environment":"Prod_SoutheastAsia_000j", "migrationStage":"NotStarted", "server":"GENERAL0300000L"}}
{"logTime": "0826/063451", "correlationVector":"Wpi6kAUckWuueviCrMWxfz.2","action":"GetUpdates Response", "result":"Success", "context":Received 0 update(s). cV=Wpi6kAUckWuueviCrMWxfz.0;server=GENERAL0300000L;cloudType=Consumer;environment=Prod_SoutheastAsia_000j;migrationStage=NotStarted}
{"logTime": "0826/063934", "correlationVector":"8/P+ik59k23Rt0zW2Ngqf8.1","action":"SyncServerConnectionManagerRequest", "result":"SYNC_SERVER_OK", "context":{"environment":"Prod_SoutheastAsia_000j", "migrationStage":"NotStarted", "server":"GENERAL0100000V"}}
{"logTime": "0826/063934", "correlationVector":"1n9eEMbOOQHXTwO1PkY+eU","action":"SyncServerConnectionManagerRequest", "result":"SYNC_SERVER_OK", "context":{"environment":"", "migrationStage":"", "server":""}}
{"logTime": "0826/063934", "correlationVector":"8/P+ik59k23Rt0zW2Ngqf8","action":"Initial GetUpdates", "result":"", "context":Reason: NEW_CLIENT. cV=8/P+ik59k23Rt0zW2Ngqf8}
{"logTime": "0826/063934", "correlationVector":"8/P+ik59k23Rt0zW2Ngqf8.2","action":"GetUpdates Response", "result":"Success", "context":Received 1 update(s). cV=8/P+ik59k23Rt0zW2Ngqf8.0;server=GENERAL0100000V;cloudType=Consumer;environment=Prod_SoutheastAsia_000j;migrationStage=NotStarted}
{"logTime": "0826/063934", "correlationVector":"xZLQpkaN82nQzNuZzE2GM7","action":"Normal GetUpdate request", "result":"", "context":cV=xZLQpkaN82nQzNuZzE2GM7
Refresh requested types: Device Info, User Consents, Send Tab To Self, Encryption Keys}
{"logTime": "0826/063934", "correlationVector":"xZLQpkaN82nQzNuZzE2GM7.1","action":"SyncServerConnectionManagerRequest", "result":"SYNC_SERVER_OK", "context":{"environment":"Prod_SoutheastAsia_000j", "migrationStage":"NotStarted", "server":"GENERAL03000010"}}
{"logTime": "0826/063934", "correlationVector":"xZLQpkaN82nQzNuZzE2GM7.2","action":"GetUpdates Response", "result":"Success", "context":Received 0 update(s). cV=xZLQpkaN82nQzNuZzE2GM7.0;server=GENERAL03000010;cloudType=Consumer;environment=Prod_SoutheastAsia_000j;migrationStage=NotStarted}
{"logTime": "0826/064433", "correlationVector":"djxpVWKUxcYqs5XSJ2dBtG","action":"Normal GetUpdate request", "result":"", "context":cV=djxpVWKUxcYqs5XSJ2dBtG
Refresh requested types: Device Info, User Consents, Send Tab To Self, Encryption Keys}
{"logTime": "0826/064434", "correlationVector":"djxpVWKUxcYqs5XSJ2dBtG.1","action":"SyncServerConnectionManagerRequest", "result":"SYNC_SERVER_OK", "context":{"environment":"Prod_SoutheastAsia_000j", "migrationStage":"NotStarted", "server":"GENERAL0100001A"}}
{"logTime": "0826/064434", "correlationVector":"djxpVWKUxcYqs5XSJ2dBtG.2","action":"GetUpdates Response", "result":"Success", "context":Received 0 update(s). cV=djxpVWKUxcYqs5XSJ2dBtG.0;server=GENERAL0100001A;cloudType=Consumer;environment=Prod_SoutheastAsia_000j;migrationStage=NotStarted}
{"logTime": "0826/065922", "correlationVector":"xjeWd5eHnGexoe/XXtCSFv.1","action":"SyncServerConnectionManagerRequest", "result":"SYNC_SERVER_OK", "context":{"environment":"Prod_SoutheastAsia_000j", "migrationStage":"NotStarted", "server":"GENERAL03000010"}}
{"logTime": "0826/065923", "correlationVector":"C4UPM6GGz7r59co+8uRg8H","action":"SyncServerConnectionManagerRequest", "result":"SYNC_SERVER_OK", "context":{"environment":"", "migrationStage":"", "server":""}}
{"logTime": "0826/065923", "correlationVector":"xjeWd5eHnGexoe/XXtCSFv","action":"Initial GetUpdates", "result":"", "context":Reason: NEW_CLIENT. cV=xjeWd5eHnGexoe/XXtCSFv}
{"logTime": "0826/065923", "correlationVector":"xjeWd5eHnGexoe/XXtCSFv.2","action":"GetUpdates Response", "result":"Success", "context":Received 1 update(s). cV=xjeWd5eHnGexoe/XXtCSFv.0;server=GENERAL03000010;cloudType=Consumer;environment=Prod_SoutheastAsia_000j;migrationStage=NotStarted}
{"logTime": "0826/065923", "correlationVector":"utFSK0cUyzIlntQKyOoF0a","action":"Normal GetUpdate request", "result":"", "context":cV=utFSK0cUyzIlntQKyOoF0a
Refresh requested types: Device Info, User Consents, Send Tab To Self, Encryption Keys}
{"logTime": "0826/065923", "correlationVector":"utFSK0cUyzIlntQKyOoF0a.1","action":"SyncServerConnectionManagerRequest", "result":"SYNC_SERVER_OK", "context":{"environment":"Prod_SoutheastAsia_000j", "migrationStage":"NotStarted", "server":"GENERAL01000006"}}
{"logTime": "0826/065923", "correlationVector":"utFSK0cUyzIlntQKyOoF0a.2","action":"GetUpdates Response", "result":"Success", "context":Received 0 update(s). cV=utFSK0cUyzIlntQKyOoF0a.0;server=GENERAL01000006;cloudType=Consumer;environment=Prod_SoutheastAsia_000j;migrationStage=NotStarted}
{"logTime": "0826/070422", "correlationVector":"ziqbQREb6+MIzmH0EnWTJ3","action":"Normal GetUpdate request", "result":"", "context":cV=ziqbQREb6+MIzmH0EnWTJ3
Refresh requested types: Device Info, User Consents, Send Tab To Self, Encryption Keys}
{"logTime": "0826/070422", "correlationVector":"ziqbQREb6+MIzmH0EnWTJ3.1","action":"SyncServerConnectionManagerRequest", "result":"SYNC_SERVER_OK", "context":{"environment":"Prod_SoutheastAsia_000j", "migrationStage":"NotStarted", "server":"GENERAL0100000W"}}
{"logTime": "0826/070422", "correlationVector":"ziqbQREb6+MIzmH0EnWTJ3.2","action":"GetUpdates Response", "result":"Success", "context":Received 0 update(s). cV=ziqbQREb6+MIzmH0EnWTJ3.0;server=GENERAL0100000W;cloudType=Consumer;environment=Prod_SoutheastAsia_000j;migrationStage=NotStarted}
{"logTime": "0826/070903", "correlationVector":"gMOrK/PSBnv5lRtj7QBWae.1","action":"SyncServerConnectionManagerRequest", "result":"SYNC_SERVER_OK", "context":{"environment":"Prod_SoutheastAsia_000j", "migrationStage":"NotStarted", "server":"GENERAL0100000R"}}
{"logTime": "0826/070903", "correlationVector":"gyhAsMFv81FrRBxJxaUm+X","action":"SyncServerConnectionManagerRequest", "result":"SYNC_SERVER_OK", "context":{"environment":"", "migrationStage":"", "server":""}}
{"logTime": "0826/070903", "correlationVector":"gMOrK/PSBnv5lRtj7QBWae","action":"Initial GetUpdates", "result":"", "context":Reason: NEW_CLIENT. cV=gMOrK/PSBnv5lRtj7QBWae}
{"logTime": "0826/070903", "correlationVector":"gMOrK/PSBnv5lRtj7QBWae.2","action":"GetUpdates Response", "result":"Success", "context":Received 1 update(s). cV=gMOrK/PSBnv5lRtj7QBWae.0;server=GENERAL0100000R;cloudType=Consumer;environment=Prod_SoutheastAsia_000j;migrationStage=NotStarted}
{"logTime": "0826/070903", "correlationVector":"fRzTXdB/jzXKDlfrcqiqnc","action":"Normal GetUpdate request", "result":"", "context":cV=fRzTXdB/jzXKDlfrcqiqnc
Refresh requested types: Device Info, User Consents, Send Tab To Self, Encryption Keys}
{"logTime": "0826/070904", "correlationVector":"fRzTXdB/jzXKDlfrcqiqnc.1","action":"SyncServerConnectionManagerRequest", "result":"SYNC_SERVER_OK", "context":{"environment":"Prod_SoutheastAsia_000j", "migrationStage":"NotStarted", "server":"GENERAL0100000L"}}
{"logTime": "0826/070904", "correlationVector":"fRzTXdB/jzXKDlfrcqiqnc.2","action":"GetUpdates Response", "result":"Success", "context":Received 0 update(s). cV=fRzTXdB/jzXKDlfrcqiqnc.0;server=GENERAL0100000L;cloudType=Consumer;environment=Prod_SoutheastAsia_000j;migrationStage=NotStarted}
{"logTime": "0826/071403", "correlationVector":"Zn4w0wfL4EK1OJebFzLXrh","action":"Normal GetUpdate request", "result":"", "context":cV=Zn4w0wfL4EK1OJebFzLXrh
Refresh requested types: Device Info, User Consents, Send Tab To Self, Encryption Keys}
{"logTime": "0826/071404", "correlationVector":"Zn4w0wfL4EK1OJebFzLXrh.1","action":"SyncServerConnectionManagerRequest", "result":"SYNC_SERVER_OK", "context":{"environment":"Prod_SoutheastAsia_000j", "migrationStage":"NotStarted", "server":"GENERAL0100000T"}}
{"logTime": "0826/071404", "correlationVector":"Zn4w0wfL4EK1OJebFzLXrh.2","action":"GetUpdates Response", "result":"Success", "context":Received 0 update(s). cV=Zn4w0wfL4EK1OJebFzLXrh.0;server=GENERAL0100000T;cloudType=Consumer;environment=Prod_SoutheastAsia_000j;migrationStage=NotStarted}
{"logTime": "0826/072650", "correlationVector":"jRM4Cl5AhPNc4qCo982Ayj.1","action":"SyncServerConnectionManagerRequest", "result":"SYNC_SERVER_OK", "context":{"environment":"Prod_SoutheastAsia_000j", "migrationStage":"NotStarted", "server":"GENERAL0300000X"}}
{"logTime": "0826/072651", "correlationVector":"J16fVpYATKG1s8ecgDfapx","action":"SyncServerConnectionManagerRequest", "result":"SYNC_SERVER_OK", "context":{"environment":"", "migrationStage":"", "server":""}}
{"logTime": "0826/072651", "correlationVector":"jRM4Cl5AhPNc4qCo982Ayj","action":"Initial GetUpdates", "result":"", "context":Reason: NEW_CLIENT. cV=jRM4Cl5AhPNc4qCo982Ayj}
{"logTime": "0826/072651", "correlationVector":"jRM4Cl5AhPNc4qCo982Ayj.2","action":"GetUpdates Response", "result":"Success", "context":Received 1 update(s). cV=jRM4Cl5AhPNc4qCo982Ayj.0;server=GENERAL0300000X;cloudType=Consumer;environment=Prod_SoutheastAsia_000j;migrationStage=NotStarted}
{"logTime": "0826/072651", "correlationVector":"PIhMGUF3Aqb6PuuZqsABM6","action":"Normal GetUpdate request", "result":"", "context":cV=PIhMGUF3Aqb6PuuZqsABM6
Refresh requested types: Device Info, User Consents, Send Tab To Self, Encryption Keys}
{"logTime": "0826/072651", "correlationVector":"PIhMGUF3Aqb6PuuZqsABM6.1","action":"SyncServerConnectionManagerRequest", "result":"SYNC_SERVER_OK", "context":{"environment":"Prod_SoutheastAsia_000j", "migrationStage":"NotStarted", "server":"GENERAL01000006"}}
{"logTime": "0826/072651", "correlationVector":"PIhMGUF3Aqb6PuuZqsABM6.2","action":"GetUpdates Response", "result":"Success", "context":Received 0 update(s). cV=PIhMGUF3Aqb6PuuZqsABM6.0;server=GENERAL01000006;cloudType=Consumer;environment=Prod_SoutheastAsia_000j;migrationStage=NotStarted}
{"logTime": "0826/080907", "correlationVector":"+Comwiy6mVjKe6Wvsy+k33.1","action":"SyncServerConnectionManagerRequest", "result":"SYNC_SERVER_OK", "context":{"environment":"Prod_SoutheastAsia_000j", "migrationStage":"NotStarted", "server":"GENERAL03000020"}}
{"logTime": "0826/080907", "correlationVector":"yMoymkCVowtUiFIyYOmz+T","action":"SyncServerConnectionManagerRequest", "result":"SYNC_SERVER_OK", "context":{"environment":"", "migrationStage":"", "server":""}}
{"logTime": "0826/080907", "correlationVector":"+Comwiy6mVjKe6Wvsy+k33","action":"Initial GetUpdates", "result":"", "context":Reason: NEW_CLIENT. cV=+Comwiy6mVjKe6Wvsy+k33}
{"logTime": "0826/080907", "correlationVector":"+Comwiy6mVjKe6Wvsy+k33.2","action":"GetUpdates Response", "result":"Success", "context":Received 1 update(s). cV=+Comwiy6mVjKe6Wvsy+k33.0;server=GENERAL03000020;cloudType=Consumer;environment=Prod_SoutheastAsia_000j;migrationStage=NotStarted}
{"logTime": "0826/080907", "correlationVector":"MQruViIJSqmYkT9IBR8Vtx","action":"Normal GetUpdate request", "result":"", "context":cV=MQruViIJSqmYkT9IBR8Vtx
Refresh requested types: Device Info, User Consents, Send Tab To Self, Encryption Keys}
{"logTime": "0826/080908", "correlationVector":"MQruViIJSqmYkT9IBR8Vtx.1","action":"SyncServerConnectionManagerRequest", "result":"SYNC_SERVER_OK", "context":{"environment":"Prod_SoutheastAsia_000j", "migrationStage":"NotStarted", "server":"GENERAL0300000Z"}}
{"logTime": "0826/080908", "correlationVector":"MQruViIJSqmYkT9IBR8Vtx.2","action":"GetUpdates Response", "result":"Success", "context":Received 0 update(s). cV=MQruViIJSqmYkT9IBR8Vtx.0;server=GENERAL0300000Z;cloudType=Consumer;environment=Prod_SoutheastAsia_000j;migrationStage=NotStarted}
{"logTime": "0826/081250", "correlationVector":"YYxSxmSTIABOspnsP1SDEo.1","action":"SyncServerConnectionManagerRequest", "result":"SYNC_SERVER_OK", "context":{"environment":"Prod_SoutheastAsia_000j", "migrationStage":"NotStarted", "server":"GENERAL03000015"}}
{"logTime": "0826/081251", "correlationVector":"kNAZKLjdrK0/rTMZ5FN9Hf","action":"SyncServerConnectionManagerRequest", "result":"SYNC_SERVER_OK", "context":{"environment":"", "migrationStage":"", "server":""}}
{"logTime": "0826/081251", "correlationVector":"YYxSxmSTIABOspnsP1SDEo","action":"Initial GetUpdates", "result":"", "context":Reason: NEW_CLIENT. cV=YYxSxmSTIABOspnsP1SDEo}
{"logTime": "0826/081251", "correlationVector":"YYxSxmSTIABOspnsP1SDEo.2","action":"GetUpdates Response", "result":"Success", "context":Received 1 update(s). cV=YYxSxmSTIABOspnsP1SDEo.0;server=GENERAL03000015;cloudType=Consumer;environment=Prod_SoutheastAsia_000j;migrationStage=NotStarted}
{"logTime": "0826/081251", "correlationVector":"RMVn4xhHaUObURRQYPidJl","action":"Normal GetUpdate request", "result":"", "context":cV=RMVn4xhHaUObURRQYPidJl
Refresh requested types: Device Info, User Consents, Send Tab To Self, Encryption Keys}
{"logTime": "0826/081251", "correlationVector":"RMVn4xhHaUObURRQYPidJl.1","action":"SyncServerConnectionManagerRequest", "result":"SYNC_SERVER_OK", "context":{"environment":"Prod_SoutheastAsia_000j", "migrationStage":"NotStarted", "server":"GENERAL01000017"}}
{"logTime": "0826/081251", "correlationVector":"RMVn4xhHaUObURRQYPidJl.2","action":"GetUpdates Response", "result":"Success", "context":Received 0 update(s). cV=RMVn4xhHaUObURRQYPidJl.0;server=GENERAL01000017;cloudType=Consumer;environment=Prod_SoutheastAsia_000j;migrationStage=NotStarted}
{"logTime": "0826/081856", "correlationVector":"2w7HWabJFYTiqq3wLtYnVU.1","action":"SyncServerConnectionManagerRequest", "result":"SYNC_SERVER_OK", "context":{"environment":"Prod_SoutheastAsia_000j", "migrationStage":"NotStarted", "server":"GENERAL0300001H"}}
{"logTime": "0826/081857", "correlationVector":"jxnCOsdvuK+O0Dm574S/cs","action":"SyncServerConnectionManagerRequest", "result":"SYNC_SERVER_OK", "context":{"environment":"", "migrationStage":"", "server":""}}
{"logTime": "0826/081857", "correlationVector":"2w7HWabJFYTiqq3wLtYnVU","action":"Initial GetUpdates", "result":"", "context":Reason: NEW_CLIENT. cV=2w7HWabJFYTiqq3wLtYnVU}
{"logTime": "0826/081857", "correlationVector":"2w7HWabJFYTiqq3wLtYnVU.2","action":"GetUpdates Response", "result":"Success", "context":Received 1 update(s). cV=2w7HWabJFYTiqq3wLtYnVU.0;server=GENERAL0300001H;cloudType=Consumer;environment=Prod_SoutheastAsia_000j;migrationStage=NotStarted}
{"logTime": "0826/081857", "correlationVector":"eoP3+g5acQFhsPCREpajRR","action":"Normal GetUpdate request", "result":"", "context":cV=eoP3+g5acQFhsPCREpajRR
Refresh requested types: Device Info, User Consents, Send Tab To Self, Encryption Keys}
{"logTime": "0826/081857", "correlationVector":"eoP3+g5acQFhsPCREpajRR.1","action":"SyncServerConnectionManagerRequest", "result":"SYNC_SERVER_OK", "context":{"environment":"Prod_SoutheastAsia_000j", "migrationStage":"NotStarted", "server":"GENERAL0300001I"}}
{"logTime": "0826/081857", "correlationVector":"eoP3+g5acQFhsPCREpajRR.2","action":"GetUpdates Response", "result":"Success", "context":Received 0 update(s). cV=eoP3+g5acQFhsPCREpajRR.0;server=GENERAL0300001I;cloudType=Consumer;environment=Prod_SoutheastAsia_000j;migrationStage=NotStarted}
{"logTime": "0826/091002", "correlationVector":"syohZvLwW9HywCxEHvpUiN.1","action":"SyncServerConnectionManagerRequest", "result":"SYNC_SERVER_OK", "context":{"environment":"Prod_SoutheastAsia_000j", "migrationStage":"NotStarted", "server":"GENERAL0300000E"}}
{"logTime": "0826/091003", "correlationVector":"cIy6HqxnbQlqW8CTTxuBUy","action":"SyncServerConnectionManagerRequest", "result":"SYNC_SERVER_OK", "context":{"environment":"", "migrationStage":"", "server":""}}
{"logTime": "0826/091003", "correlationVector":"syohZvLwW9HywCxEHvpUiN","action":"Initial GetUpdates", "result":"", "context":Reason: NEW_CLIENT. cV=syohZvLwW9HywCxEHvpUiN}
{"logTime": "0826/091003", "correlationVector":"syohZvLwW9HywCxEHvpUiN.2","action":"GetUpdates Response", "result":"Success", "context":Received 1 update(s). cV=syohZvLwW9HywCxEHvpUiN.0;server=GENERAL0300000E;cloudType=Consumer;environment=Prod_SoutheastAsia_000j;migrationStage=NotStarted}
{"logTime": "0826/091003", "correlationVector":"1Hj7fcPt7eCPWCRTglXZg4","action":"Normal GetUpdate request", "result":"", "context":cV=1Hj7fcPt7eCPWCRTglXZg4
Refresh requested types: Device Info, User Consents, Send Tab To Self, Encryption Keys}
{"logTime": "0826/091003", "correlationVector":"1Hj7fcPt7eCPWCRTglXZg4.1","action":"SyncServerConnectionManagerRequest", "result":"SYNC_SERVER_OK", "context":{"environment":"Prod_SoutheastAsia_000j", "migrationStage":"NotStarted", "server":"GENERAL0100000G"}}
{"logTime": "0826/091003", "correlationVector":"1Hj7fcPt7eCPWCRTglXZg4.2","action":"GetUpdates Response", "result":"Success", "context":Received 0 update(s). cV=1Hj7fcPt7eCPWCRTglXZg4.0;server=GENERAL0100000G;cloudType=Consumer;environment=Prod_SoutheastAsia_000j;migrationStage=NotStarted}
{"logTime": "0826/094849", "correlationVector":"gwZqdqjG1P5tj5ChziSWWg.1","action":"SyncServerConnectionManagerRequest", "result":"SYNC_SERVER_OK", "context":{"environment":"Prod_SoutheastAsia_000j", "migrationStage":"NotStarted", "server":"GENERAL0100000Q"}}
{"logTime": "0826/094849", "correlationVector":"VH9NZu8f15xZE5JWdH9fFM","action":"SyncServerConnectionManagerRequest", "result":"SYNC_SERVER_OK", "context":{"environment":"", "migrationStage":"", "server":""}}
{"logTime": "0826/094849", "correlationVector":"gwZqdqjG1P5tj5ChziSWWg","action":"Initial GetUpdates", "result":"", "context":Reason: NEW_CLIENT. cV=gwZqdqjG1P5tj5ChziSWWg}
{"logTime": "0826/094849", "correlationVector":"gwZqdqjG1P5tj5ChziSWWg.2","action":"GetUpdates Response", "result":"Success", "context":Received 1 update(s). cV=gwZqdqjG1P5tj5ChziSWWg.0;server=GENERAL0100000Q;cloudType=Consumer;environment=Prod_SoutheastAsia_000j;migrationStage=NotStarted}
{"logTime": "0826/094849", "correlationVector":"AnEki8mvusLJe/JS28clJd","action":"Normal GetUpdate request", "result":"", "context":cV=AnEki8mvusLJe/JS28clJd
Refresh requested types: Device Info, User Consents, Send Tab To Self, Encryption Keys}
{"logTime": "0826/094849", "correlationVector":"AnEki8mvusLJe/JS28clJd.1","action":"SyncServerConnectionManagerRequest", "result":"SYNC_SERVER_OK", "context":{"environment":"Prod_SoutheastAsia_000j", "migrationStage":"NotStarted", "server":"GENERAL0100001H"}}
{"logTime": "0826/094849", "correlationVector":"AnEki8mvusLJe/JS28clJd.2","action":"GetUpdates Response", "result":"Success", "context":Received 0 update(s). cV=AnEki8mvusLJe/JS28clJd.0;server=GENERAL0100001H;cloudType=Consumer;environment=Prod_SoutheastAsia_000j;migrationStage=NotStarted}
{"logTime": "0826/095053", "correlationVector":"QsEjdeUEqdWyO5xJfGlMrf.1","action":"SyncServerConnectionManagerRequest", "result":"SYNC_SERVER_OK", "context":{"environment":"Prod_SoutheastAsia_000j", "migrationStage":"NotStarted", "server":"GENERAL0300001H"}}
{"logTime": "0826/095053", "correlationVector":"P4qsXUQ6jhWB8N7Upp0AfB","action":"SyncServerConnectionManagerRequest", "result":"SYNC_SERVER_OK", "context":{"environment":"", "migrationStage":"", "server":""}}
{"logTime": "0826/095053", "correlationVector":"QsEjdeUEqdWyO5xJfGlMrf","action":"Initial GetUpdates", "result":"", "context":Reason: NEW_CLIENT. cV=QsEjdeUEqdWyO5xJfGlMrf}
{"logTime": "0826/095053", "correlationVector":"QsEjdeUEqdWyO5xJfGlMrf.2","action":"GetUpdates Response", "result":"Success", "context":Received 1 update(s). cV=QsEjdeUEqdWyO5xJfGlMrf.0;server=GENERAL0300001H;cloudType=Consumer;environment=Prod_SoutheastAsia_000j;migrationStage=NotStarted}
{"logTime": "0826/095053", "correlationVector":"myYEIumleVZEqcp9AaUVH0","action":"Normal GetUpdate request", "result":"", "context":cV=myYEIumleVZEqcp9AaUVH0
Refresh requested types: Device Info, User Consents, Send Tab To Self, Encryption Keys}
{"logTime": "0826/095053", "correlationVector":"myYEIumleVZEqcp9AaUVH0.1","action":"SyncServerConnectionManagerRequest", "result":"SYNC_SERVER_OK", "context":{"environment":"Prod_SoutheastAsia_000j", "migrationStage":"NotStarted", "server":"GENERAL03000010"}}
{"logTime": "0826/095054", "correlationVector":"myYEIumleVZEqcp9AaUVH0.2","action":"GetUpdates Response", "result":"Success", "context":Received 0 update(s). cV=myYEIumleVZEqcp9AaUVH0.0;server=GENERAL03000010;cloudType=Consumer;environment=Prod_SoutheastAsia_000j;migrationStage=NotStarted}
{"logTime": "0826/095656", "correlationVector":"znfVdnuqJ9hx+TiMMTeLbs.1","action":"SyncServerConnectionManagerRequest", "result":"SYNC_SERVER_OK", "context":{"environment":"Prod_SoutheastAsia_000j", "migrationStage":"NotStarted", "server":"GENERAL0300000S"}}
{"logTime": "0826/095657", "correlationVector":"mpxLcgWOsS/dWvXIX3QF8x","action":"SyncServerConnectionManagerRequest", "result":"SYNC_SERVER_OK", "context":{"environment":"", "migrationStage":"", "server":""}}
{"logTime": "0826/095657", "correlationVector":"znfVdnuqJ9hx+TiMMTeLbs","action":"Initial GetUpdates", "result":"", "context":Reason: NEW_CLIENT. cV=znfVdnuqJ9hx+TiMMTeLbs}
{"logTime": "0826/095657", "correlationVector":"znfVdnuqJ9hx+TiMMTeLbs.2","action":"GetUpdates Response", "result":"Success", "context":Received 1 update(s). cV=znfVdnuqJ9hx+TiMMTeLbs.0;server=GENERAL0300000S;cloudType=Consumer;environment=Prod_SoutheastAsia_000j;migrationStage=NotStarted}
{"logTime": "0826/095657", "correlationVector":"eUWufVcL79T0wcS6dsb4xJ","action":"Normal GetUpdate request", "result":"", "context":cV=eUWufVcL79T0wcS6dsb4xJ
Refresh requested types: Device Info, User Consents, Send Tab To Self, Encryption Keys}
{"logTime": "0826/095657", "correlationVector":"eUWufVcL79T0wcS6dsb4xJ.1","action":"SyncServerConnectionManagerRequest", "result":"SYNC_SERVER_OK", "context":{"environment":"Prod_SoutheastAsia_000j", "migrationStage":"NotStarted", "server":"GENERAL0100000Y"}}
{"logTime": "0826/095657", "correlationVector":"eUWufVcL79T0wcS6dsb4xJ.2","action":"GetUpdates Response", "result":"Success", "context":Received 0 update(s). cV=eUWufVcL79T0wcS6dsb4xJ.0;server=GENERAL0100000Y;cloudType=Consumer;environment=Prod_SoutheastAsia_000j;migrationStage=NotStarted}
{"logTime": "0826/100500", "correlationVector":"6TdXSu8zJfF4nYcdtbrdbi.1","action":"SyncServerConnectionManagerRequest", "result":"SYNC_SERVER_OK", "context":{"environment":"Prod_SoutheastAsia_000j", "migrationStage":"NotStarted", "server":"GENERAL0300000A"}}
{"logTime": "0826/100501", "correlationVector":"iI3Q8mHLucjvWkEXkbqfLz","action":"SyncServerConnectionManagerRequest", "result":"SYNC_SERVER_OK", "context":{"environment":"", "migrationStage":"", "server":""}}
{"logTime": "0826/100501", "correlationVector":"6TdXSu8zJfF4nYcdtbrdbi","action":"Initial GetUpdates", "result":"", "context":Reason: NEW_CLIENT. cV=6TdXSu8zJfF4nYcdtbrdbi}
{"logTime": "0826/100501", "correlationVector":"6TdXSu8zJfF4nYcdtbrdbi.2","action":"GetUpdates Response", "result":"Success", "context":Received 1 update(s). cV=6TdXSu8zJfF4nYcdtbrdbi.0;server=GENERAL0300000A;cloudType=Consumer;environment=Prod_SoutheastAsia_000j;migrationStage=NotStarted}
{"logTime": "0826/100501", "correlationVector":"Nm+w6Cfk/axg3mtgVbns7s","action":"Normal GetUpdate request", "result":"", "context":cV=Nm+w6Cfk/axg3mtgVbns7s
Refresh requested types: Device Info, User Consents, Send Tab To Self, Encryption Keys}
{"logTime": "0826/100501", "correlationVector":"Nm+w6Cfk/axg3mtgVbns7s.1","action":"SyncServerConnectionManagerRequest", "result":"SYNC_SERVER_OK", "context":{"environment":"Prod_SoutheastAsia_000j", "migrationStage":"NotStarted", "server":"GENERAL0100000E"}}
{"logTime": "0826/100501", "correlationVector":"Nm+w6Cfk/axg3mtgVbns7s.2","action":"GetUpdates Response", "result":"Success", "context":Received 0 update(s). cV=Nm+w6Cfk/axg3mtgVbns7s.0;server=GENERAL0100000E;cloudType=Consumer;environment=Prod_SoutheastAsia_000j;migrationStage=NotStarted}
{"logTime": "0826/103039", "correlationVector":"9hO97GqVuRJfv2BroKEBo5.1","action":"SyncServerConnectionManagerRequest", "result":"SYNC_SERVER_OK", "context":{"environment":"Prod_SoutheastAsia_000j", "migrationStage":"NotStarted", "server":"GENERAL0100000C"}}
{"logTime": "0826/103040", "correlationVector":"iVJRiPaV0Me267p+RTU4jn","action":"SyncServerConnectionManagerRequest", "result":"SYNC_SERVER_OK", "context":{"environment":"", "migrationStage":"", "server":""}}
{"logTime": "0826/103040", "correlationVector":"9hO97GqVuRJfv2BroKEBo5","action":"Initial GetUpdates", "result":"", "context":Reason: NEW_CLIENT. cV=9hO97GqVuRJfv2BroKEBo5}
{"logTime": "0826/103040", "correlationVector":"9hO97GqVuRJfv2BroKEBo5.2","action":"GetUpdates Response", "result":"Success", "context":Received 1 update(s). cV=9hO97GqVuRJfv2BroKEBo5.0;server=GENERAL0100000C;cloudType=Consumer;environment=Prod_SoutheastAsia_000j;migrationStage=NotStarted}
{"logTime": "0826/103040", "correlationVector":"VVOlpRrhmk4JujqLyJrbLh","action":"Normal GetUpdate request", "result":"", "context":cV=VVOlpRrhmk4JujqLyJrbLh
Refresh requested types: Device Info, User Consents, Send Tab To Self, Encryption Keys}
{"logTime": "0826/103040", "correlationVector":"VVOlpRrhmk4JujqLyJrbLh.1","action":"SyncServerConnectionManagerRequest", "result":"SYNC_SERVER_OK", "context":{"environment":"Prod_SoutheastAsia_000j", "migrationStage":"NotStarted", "server":"general01000016"}}
{"logTime": "0826/103040", "correlationVector":"VVOlpRrhmk4JujqLyJrbLh.2","action":"GetUpdates Response", "result":"Success", "context":Received 0 update(s). cV=VVOlpRrhmk4JujqLyJrbLh.0;server=general01000016;cloudType=Consumer;environment=Prod_SoutheastAsia_000j;migrationStage=NotStarted}
{"logTime": "0826/103258", "correlationVector":"58pB3Cxx8zN/SQELOceQee.1","action":"SyncServerConnectionManagerRequest", "result":"SYNC_SERVER_OK", "context":{"environment":"Prod_SoutheastAsia_000j", "migrationStage":"NotStarted", "server":"GENERAL0100000E"}}
{"logTime": "0826/103258", "correlationVector":"Dmjt1xuahojRjJNBxVd+rN","action":"SyncServerConnectionManagerRequest", "result":"SYNC_SERVER_OK", "context":{"environment":"", "migrationStage":"", "server":""}}
{"logTime": "0826/103258", "correlationVector":"58pB3Cxx8zN/SQELOceQee","action":"Initial GetUpdates", "result":"", "context":Reason: NEW_CLIENT. cV=58pB3Cxx8zN/SQELOceQee}
{"logTime": "0826/103258", "correlationVector":"58pB3Cxx8zN/SQELOceQee.2","action":"GetUpdates Response", "result":"Success", "context":Received 1 update(s). cV=58pB3Cxx8zN/SQELOceQee.0;server=GENERAL0100000E;cloudType=Consumer;environment=Prod_SoutheastAsia_000j;migrationStage=NotStarted}
{"logTime": "0826/103258", "correlationVector":"AVwqFIBcqm0DG5GIoAp94U","action":"Normal GetUpdate request", "result":"", "context":cV=AVwqFIBcqm0DG5GIoAp94U
Refresh requested types: Device Info, User Consents, Send Tab To Self, Encryption Keys}
{"logTime": "0826/103259", "correlationVector":"AVwqFIBcqm0DG5GIoAp94U.1","action":"SyncServerConnectionManagerRequest", "result":"SYNC_SERVER_OK", "context":{"environment":"Prod_SoutheastAsia_000j", "migrationStage":"NotStarted", "server":"GENERAL0100000H"}}
{"logTime": "0826/103259", "correlationVector":"AVwqFIBcqm0DG5GIoAp94U.2","action":"GetUpdates Response", "result":"Success", "context":Received 0 update(s). cV=AVwqFIBcqm0DG5GIoAp94U.0;server=GENERAL0100000H;cloudType=Consumer;environment=Prod_SoutheastAsia_000j;migrationStage=NotStarted}
{"logTime": "0826/103523", "correlationVector":"3COy7fP1yBJdllQztApO1w.1","action":"SyncServerConnectionManagerRequest", "result":"SYNC_SERVER_OK", "context":{"environment":"Prod_SoutheastAsia_000j", "migrationStage":"NotStarted", "server":"GENERAL01000013"}}
{"logTime": "0826/103523", "correlationVector":"83b1ACHjmAVFz5l3QrErsi","action":"SyncServerConnectionManagerRequest", "result":"SYNC_SERVER_OK", "context":{"environment":"", "migrationStage":"", "server":""}}
{"logTime": "0826/103523", "correlationVector":"3COy7fP1yBJdllQztApO1w","action":"Initial GetUpdates", "result":"", "context":Reason: NEW_CLIENT. cV=3COy7fP1yBJdllQztApO1w}
{"logTime": "0826/103523", "correlationVector":"3COy7fP1yBJdllQztApO1w.2","action":"GetUpdates Response", "result":"Success", "context":Received 1 update(s). cV=3COy7fP1yBJdllQztApO1w.0;server=GENERAL01000013;cloudType=Consumer;environment=Prod_SoutheastAsia_000j;migrationStage=NotStarted}
{"logTime": "0826/103523", "correlationVector":"szusnnI/9b29KaJIwL/rDh","action":"Normal GetUpdate request", "result":"", "context":cV=szusnnI/9b29KaJIwL/rDh
Refresh requested types: Device Info, User Consents, Send Tab To Self, Encryption Keys}
{"logTime": "0826/103523", "correlationVector":"szusnnI/9b29KaJIwL/rDh.1","action":"SyncServerConnectionManagerRequest", "result":"SYNC_SERVER_OK", "context":{"environment":"Prod_SoutheastAsia_000j", "migrationStage":"NotStarted", "server":"GENERAL0100001A"}}
{"logTime": "0826/103523", "correlationVector":"szusnnI/9b29KaJIwL/rDh.2","action":"GetUpdates Response", "result":"Success", "context":Received 0 update(s). cV=szusnnI/9b29KaJIwL/rDh.0;server=GENERAL0100001A;cloudType=Consumer;environment=Prod_SoutheastAsia_000j;migrationStage=NotStarted}
{"logTime": "0826/103836", "correlationVector":"PV0glNDEENRfWnFFFRoQdQ","action":"Normal GetUpdate request", "result":"", "context":cV=PV0glNDEENRfWnFFFRoQdQ
Notified types: Device Info}
{"logTime": "0826/103836", "correlationVector":"PV0glNDEENRfWnFFFRoQdQ.1","action":"SyncServerConnectionManagerRequest", "result":"SYNC_SERVER_OK", "context":{"environment":"Prod_SoutheastAsia_000j", "migrationStage":"NotStarted", "server":"GENERAL0300000T"}}
{"logTime": "0826/103836", "correlationVector":"PV0glNDEENRfWnFFFRoQdQ.2","action":"GetUpdates Response", "result":"Success", "context":Received 1 update(s). cV=PV0glNDEENRfWnFFFRoQdQ.0;server=GENERAL0300000T;cloudType=Consumer;environment=Prod_SoutheastAsia_000j;migrationStage=NotStarted}
{"logTime": "0826/104023", "correlationVector":"XNFeK+YC8Ux7OrUqqaz338","action":"Normal GetUpdate request", "result":"", "context":cV=XNFeK+YC8Ux7OrUqqaz338
Refresh requested types: Device Info, User Consents, Send Tab To Self, Encryption Keys}
{"logTime": "0826/104023", "correlationVector":"XNFeK+YC8Ux7OrUqqaz338.1","action":"SyncServerConnectionManagerRequest", "result":"SYNC_SERVER_OK", "context":{"environment":"Prod_SoutheastAsia_000j", "migrationStage":"NotStarted", "server":"GENERAL0100000I"}}
{"logTime": "0826/104023", "correlationVector":"XNFeK+YC8Ux7OrUqqaz338.2","action":"GetUpdates Response", "result":"Success", "context":Received 0 update(s). cV=XNFeK+YC8Ux7OrUqqaz338.0;server=GENERAL0100000I;cloudType=Consumer;environment=Prod_SoutheastAsia_000j;migrationStage=NotStarted}
{"logTime": "0826/104333", "correlationVector":"RJjWGBKGS/Bb0HcG0Om06v.1","action":"SyncServerConnectionManagerRequest", "result":"SYNC_SERVER_OK", "context":{"environment":"Prod_SoutheastAsia_000j", "migrationStage":"NotStarted", "server":"GENERAL0100000R"}}
{"logTime": "0826/104333", "correlationVector":"HqCU17G8nwMy2C4Zlb8+lh","action":"SyncServerConnectionManagerRequest", "result":"SYNC_SERVER_OK", "context":{"environment":"", "migrationStage":"", "server":""}}
{"logTime": "0826/104333", "correlationVector":"RJjWGBKGS/Bb0HcG0Om06v","action":"Initial GetUpdates", "result":"", "context":Reason: NEW_CLIENT. cV=RJjWGBKGS/Bb0HcG0Om06v}
{"logTime": "0826/104333", "correlationVector":"RJjWGBKGS/Bb0HcG0Om06v.2","action":"GetUpdates Response", "result":"Success", "context":Received 1 update(s). cV=RJjWGBKGS/Bb0HcG0Om06v.0;server=GENERAL0100000R;cloudType=Consumer;environment=Prod_SoutheastAsia_000j;migrationStage=NotStarted}
{"logTime": "0826/104333", "correlationVector":"g+6ESZG3nRk2mci1cYcZMD","action":"Normal GetUpdate request", "result":"", "context":cV=g+6ESZG3nRk2mci1cYcZMD
Refresh requested types: Device Info, User Consents, Send Tab To Self, Encryption Keys}
{"logTime": "0826/104333", "correlationVector":"g+6ESZG3nRk2mci1cYcZMD.1","action":"SyncServerConnectionManagerRequest", "result":"SYNC_SERVER_OK", "context":{"environment":"Prod_SoutheastAsia_000j", "migrationStage":"NotStarted", "server":"GENERAL01000017"}}
{"logTime": "0826/104333", "correlationVector":"g+6ESZG3nRk2mci1cYcZMD.2","action":"GetUpdates Response", "result":"Success", "context":Received 0 update(s). cV=g+6ESZG3nRk2mci1cYcZMD.0;server=GENERAL01000017;cloudType=Consumer;environment=Prod_SoutheastAsia_000j;migrationStage=NotStarted}
{"logTime": "0826/104535", "correlationVector":"sYOEs/l6fU5FTYmgzaQHb7.1","action":"SyncServerConnectionManagerRequest", "result":"SYNC_SERVER_OK", "context":{"environment":"Prod_SoutheastAsia_000j", "migrationStage":"NotStarted", "server":"GENERAL01000017"}}
{"logTime": "0826/104535", "correlationVector":"n68Y5vysofUaxz4+MQmTb2","action":"SyncServerConnectionManagerRequest", "result":"SYNC_SERVER_OK", "context":{"environment":"", "migrationStage":"", "server":""}}
{"logTime": "0826/104535", "correlationVector":"sYOEs/l6fU5FTYmgzaQHb7","action":"Initial GetUpdates", "result":"", "context":Reason: NEW_CLIENT. cV=sYOEs/l6fU5FTYmgzaQHb7}
{"logTime": "0826/104535", "correlationVector":"sYOEs/l6fU5FTYmgzaQHb7.2","action":"GetUpdates Response", "result":"Success", "context":Received 1 update(s). cV=sYOEs/l6fU5FTYmgzaQHb7.0;server=GENERAL01000017;cloudType=Consumer;environment=Prod_SoutheastAsia_000j;migrationStage=NotStarted}
{"logTime": "0826/104535", "correlationVector":"z/Wzl68/n/d6SY+19shGIH","action":"Normal GetUpdate request", "result":"", "context":cV=z/Wzl68/n/d6SY+19shGIH
Refresh requested types: Device Info, User Consents, Send Tab To Self, Encryption Keys}
{"logTime": "0826/104535", "correlationVector":"z/Wzl68/n/d6SY+19shGIH.1","action":"SyncServerConnectionManagerRequest", "result":"SYNC_SERVER_OK", "context":{"environment":"Prod_SoutheastAsia_000j", "migrationStage":"NotStarted", "server":"GENERAL0100000A"}}
{"logTime": "0826/104535", "correlationVector":"z/Wzl68/n/d6SY+19shGIH.2","action":"GetUpdates Response", "result":"Success", "context":Received 0 update(s). cV=z/Wzl68/n/d6SY+19shGIH.0;server=GENERAL0100000A;cloudType=Consumer;environment=Prod_SoutheastAsia_000j;migrationStage=NotStarted}
{"logTime": "0826/105043", "correlationVector":"yqQqUsafLRnFsUZYY5kF7c.1","action":"SyncServerConnectionManagerRequest", "result":"SYNC_SERVER_OK", "context":{"environment":"Prod_SoutheastAsia_000j", "migrationStage":"NotStarted", "server":"GENERAL03000030"}}
{"logTime": "0826/105044", "correlationVector":"UtKCvEoz+o2vAYd4YXCw4M","action":"SyncServerConnectionManagerRequest", "result":"SYNC_SERVER_OK", "context":{"environment":"", "migrationStage":"", "server":""}}
{"logTime": "0826/105044", "correlationVector":"yqQqUsafLRnFsUZYY5kF7c","action":"Initial GetUpdates", "result":"", "context":Reason: NEW_CLIENT. cV=yqQqUsafLRnFsUZYY5kF7c}
{"logTime": "0826/105044", "correlationVector":"yqQqUsafLRnFsUZYY5kF7c.2","action":"GetUpdates Response", "result":"Success", "context":Received 1 update(s). cV=yqQqUsafLRnFsUZYY5kF7c.0;server=GENERAL03000030;cloudType=Consumer;environment=Prod_SoutheastAsia_000j;migrationStage=NotStarted}
{"logTime": "0826/105044", "correlationVector":"bplag2sQnlPVvkIOaFz2d6","action":"Normal GetUpdate request", "result":"", "context":cV=bplag2sQnlPVvkIOaFz2d6
Refresh requested types: Device Info, User Consents, Send Tab To Self, Encryption Keys}
{"logTime": "0826/105044", "correlationVector":"bplag2sQnlPVvkIOaFz2d6.1","action":"SyncServerConnectionManagerRequest", "result":"SYNC_SERVER_OK", "context":{"environment":"Prod_SoutheastAsia_000j", "migrationStage":"NotStarted", "server":"GENERAL0100000V"}}
{"logTime": "0826/105044", "correlationVector":"bplag2sQnlPVvkIOaFz2d6.2","action":"GetUpdates Response", "result":"Success", "context":Received 0 update(s). cV=bplag2sQnlPVvkIOaFz2d6.0;server=GENERAL0100000V;cloudType=Consumer;environment=Prod_SoutheastAsia_000j;migrationStage=NotStarted}
{"logTime": "0826/105337", "correlationVector":"Wz+moeKeED31wVECAg3wVi.1","action":"SyncServerConnectionManagerRequest", "result":"SYNC_SERVER_OK", "context":{"environment":"Prod_SoutheastAsia_000j", "migrationStage":"NotStarted", "server":"GENERAL01000008"}}
{"logTime": "0826/105337", "correlationVector":"M2P5oPS9YEZSJKoKGW++L0","action":"SyncServerConnectionManagerRequest", "result":"SYNC_SERVER_OK", "context":{"environment":"", "migrationStage":"", "server":""}}
{"logTime": "0826/105337", "correlationVector":"Wz+moeKeED31wVECAg3wVi","action":"Initial GetUpdates", "result":"", "context":Reason: NEW_CLIENT. cV=Wz+moeKeED31wVECAg3wVi}
{"logTime": "0826/105337", "correlationVector":"Wz+moeKeED31wVECAg3wVi.2","action":"GetUpdates Response", "result":"Success", "context":Received 1 update(s). cV=Wz+moeKeED31wVECAg3wVi.0;server=GENERAL01000008;cloudType=Consumer;environment=Prod_SoutheastAsia_000j;migrationStage=NotStarted}
{"logTime": "0826/105337", "correlationVector":"dFgoTqOCadAKf+/1Dy+Cnl","action":"Normal GetUpdate request", "result":"", "context":cV=dFgoTqOCadAKf+/1Dy+Cnl
Refresh requested types: Device Info, User Consents, Send Tab To Self, Encryption Keys}
{"logTime": "0826/105338", "correlationVector":"dFgoTqOCadAKf+/1Dy+Cnl.1","action":"SyncServerConnectionManagerRequest", "result":"SYNC_SERVER_OK", "context":{"environment":"Prod_SoutheastAsia_000j", "migrationStage":"NotStarted", "server":"GENERAL03000010"}}
{"logTime": "0826/105338", "correlationVector":"dFgoTqOCadAKf+/1Dy+Cnl.2","action":"GetUpdates Response", "result":"Success", "context":Received 0 update(s). cV=dFgoTqOCadAKf+/1Dy+Cnl.0;server=GENERAL03000010;cloudType=Consumer;environment=Prod_SoutheastAsia_000j;migrationStage=NotStarted}
{"logTime": "0826/110116", "correlationVector":"6Au9PCwhOiHS7iCCJxK+Ct.1","action":"SyncServerConnectionManagerRequest", "result":"SYNC_SERVER_OK", "context":{"environment":"Prod_SoutheastAsia_000j", "migrationStage":"NotStarted", "server":"GENERAL0300002V"}}
{"logTime": "0826/110118", "correlationVector":"AWrdtKcgzkkhRlcwZlVGuY","action":"SyncServerConnectionManagerRequest", "result":"SYNC_SERVER_OK", "context":{"environment":"", "migrationStage":"", "server":""}}
{"logTime": "0826/110118", "correlationVector":"6Au9PCwhOiHS7iCCJxK+Ct","action":"Initial GetUpdates", "result":"", "context":Reason: NEW_CLIENT. cV=6Au9PCwhOiHS7iCCJxK+Ct}
{"logTime": "0826/110118", "correlationVector":"6Au9PCwhOiHS7iCCJxK+Ct.2","action":"GetUpdates Response", "result":"Success", "context":Received 1 update(s). cV=6Au9PCwhOiHS7iCCJxK+Ct.0;server=GENERAL0300002V;cloudType=Consumer;environment=Prod_SoutheastAsia_000j;migrationStage=NotStarted}
{"logTime": "0826/110118", "correlationVector":"bSweMU9K262GvAbja1J7Lb","action":"Normal GetUpdate request", "result":"", "context":cV=bSweMU9K262GvAbja1J7Lb
Refresh requested types: Device Info, User Consents, Send Tab To Self, Encryption Keys}
{"logTime": "0826/110118", "correlationVector":"bSweMU9K262GvAbja1J7Lb.1","action":"SyncServerConnectionManagerRequest", "result":"SYNC_SERVER_OK", "context":{"environment":"Prod_SoutheastAsia_000j", "migrationStage":"NotStarted", "server":"GENERAL0300000E"}}
{"logTime": "0826/110118", "correlationVector":"bSweMU9K262GvAbja1J7Lb.2","action":"GetUpdates Response", "result":"Success", "context":Received 0 update(s). cV=bSweMU9K262GvAbja1J7Lb.0;server=GENERAL0300000E;cloudType=Consumer;environment=Prod_SoutheastAsia_000j;migrationStage=NotStarted}
{"logTime": "0826/110529", "correlationVector":"pcK8nZdvQoVOxJEpZyU7Q3.1","action":"SyncServerConnectionManagerRequest", "result":"SYNC_SERVER_OK", "context":{"environment":"Prod_SoutheastAsia_000j", "migrationStage":"NotStarted", "server":"GENERAL0100000E"}}
{"logTime": "0826/110530", "correlationVector":"gXY7HuUYDadLLtSeRLflhE","action":"SyncServerConnectionManagerRequest", "result":"SYNC_SERVER_OK", "context":{"environment":"", "migrationStage":"", "server":""}}
{"logTime": "0826/110530", "correlationVector":"pcK8nZdvQoVOxJEpZyU7Q3","action":"Initial GetUpdates", "result":"", "context":Reason: NEW_CLIENT. cV=pcK8nZdvQoVOxJEpZyU7Q3}
{"logTime": "0826/110530", "correlationVector":"pcK8nZdvQoVOxJEpZyU7Q3.2","action":"GetUpdates Response", "result":"Success", "context":Received 1 update(s). cV=pcK8nZdvQoVOxJEpZyU7Q3.0;server=GENERAL0100000E;cloudType=Consumer;environment=Prod_SoutheastAsia_000j;migrationStage=NotStarted}
{"logTime": "0826/110530", "correlationVector":"1JHGU2Z8ykobLJ2jhXhDdc","action":"Normal GetUpdate request", "result":"", "context":cV=1JHGU2Z8ykobLJ2jhXhDdc
Refresh requested types: Device Info, User Consents, Send Tab To Self, Encryption Keys}
{"logTime": "0826/110530", "correlationVector":"1JHGU2Z8ykobLJ2jhXhDdc.1","action":"SyncServerConnectionManagerRequest", "result":"SYNC_SERVER_OK", "context":{"environment":"Prod_SoutheastAsia_000j", "migrationStage":"NotStarted", "server":"GENERAL0100001G"}}
{"logTime": "0826/110530", "correlationVector":"1JHGU2Z8ykobLJ2jhXhDdc.2","action":"GetUpdates Response", "result":"Success", "context":Received 0 update(s). cV=1JHGU2Z8ykobLJ2jhXhDdc.0;server=GENERAL0100001G;cloudType=Consumer;environment=Prod_SoutheastAsia_000j;migrationStage=NotStarted}
{"logTime": "0826/110722", "correlationVector":"zJAC32QXotRLhEJPEUOaqh.1","action":"SyncServerConnectionManagerRequest", "result":"SYNC_SERVER_OK", "context":{"environment":"Prod_SoutheastAsia_000j", "migrationStage":"NotStarted", "server":"GENERAL01000018"}}
{"logTime": "0826/110723", "correlationVector":"brOgW9a9sW5BiZY7lyu2DH","action":"SyncServerConnectionManagerRequest", "result":"SYNC_SERVER_OK", "context":{"environment":"", "migrationStage":"", "server":""}}
{"logTime": "0826/110723", "correlationVector":"zJAC32QXotRLhEJPEUOaqh","action":"Initial GetUpdates", "result":"", "context":Reason: NEW_CLIENT. cV=zJAC32QXotRLhEJPEUOaqh}
{"logTime": "0826/110723", "correlationVector":"zJAC32QXotRLhEJPEUOaqh.2","action":"GetUpdates Response", "result":"Success", "context":Received 1 update(s). cV=zJAC32QXotRLhEJPEUOaqh.0;server=GENERAL01000018;cloudType=Consumer;environment=Prod_SoutheastAsia_000j;migrationStage=NotStarted}
{"logTime": "0826/110723", "correlationVector":"DaKCcflsY4MRSyh0SnfjHj","action":"Normal GetUpdate request", "result":"", "context":cV=DaKCcflsY4MRSyh0SnfjHj
Refresh requested types: Device Info, User Consents, Send Tab To Self, Encryption Keys}
{"logTime": "0826/110723", "correlationVector":"DaKCcflsY4MRSyh0SnfjHj.1","action":"SyncServerConnectionManagerRequest", "result":"SYNC_SERVER_OK", "context":{"environment":"Prod_SoutheastAsia_000j", "migrationStage":"NotStarted", "server":"GENERAL0100001H"}}
{"logTime": "0826/110723", "correlationVector":"DaKCcflsY4MRSyh0SnfjHj.2","action":"GetUpdates Response", "result":"Success", "context":Received 0 update(s). cV=DaKCcflsY4MRSyh0SnfjHj.0;server=GENERAL0100001H;cloudType=Consumer;environment=Prod_SoutheastAsia_000j;migrationStage=NotStarted}
{"logTime": "0826/111011", "correlationVector":"nBn2VsPT5JpPl2gjk7h1h7.1","action":"SyncServerConnectionManagerRequest", "result":"SYNC_SERVER_OK", "context":{"environment":"Prod_SoutheastAsia_000j", "migrationStage":"NotStarted", "server":"GENERAL0100001K"}}
{"logTime": "0826/111012", "correlationVector":"VOr4CZ+3f9bJLnkD3RW9WU","action":"SyncServerConnectionManagerRequest", "result":"SYNC_SERVER_OK", "context":{"environment":"", "migrationStage":"", "server":""}}
{"logTime": "0826/111012", "correlationVector":"nBn2VsPT5JpPl2gjk7h1h7","action":"Initial GetUpdates", "result":"", "context":Reason: NEW_CLIENT. cV=nBn2VsPT5JpPl2gjk7h1h7}
{"logTime": "0826/111012", "correlationVector":"nBn2VsPT5JpPl2gjk7h1h7.2","action":"GetUpdates Response", "result":"Success", "context":Received 1 update(s). cV=nBn2VsPT5JpPl2gjk7h1h7.0;server=GENERAL0100001K;cloudType=Consumer;environment=Prod_SoutheastAsia_000j;migrationStage=NotStarted}
{"logTime": "0826/111012", "correlationVector":"/uO+0hb8N/GoX9tYjHYksP","action":"Normal GetUpdate request", "result":"", "context":cV=/uO+0hb8N/GoX9tYjHYksP
Refresh requested types: Device Info, User Consents, Send Tab To Self, Encryption Keys}
{"logTime": "0826/111012", "correlationVector":"/uO+0hb8N/GoX9tYjHYksP.1","action":"SyncServerConnectionManagerRequest", "result":"SYNC_SERVER_OK", "context":{"environment":"Prod_SoutheastAsia_000j", "migrationStage":"NotStarted", "server":"GENERAL03000007"}}
{"logTime": "0826/111012", "correlationVector":"/uO+0hb8N/GoX9tYjHYksP.2","action":"GetUpdates Response", "result":"Success", "context":Received 0 update(s). cV=/uO+0hb8N/GoX9tYjHYksP.0;server=GENERAL03000007;cloudType=Consumer;environment=Prod_SoutheastAsia_000j;migrationStage=NotStarted}
{"logTime": "0826/112204", "correlationVector":"KoL7f8lgKAycQn2SPrNEIt.1","action":"SyncServerConnectionManagerRequest", "result":"SYNC_SERVER_OK", "context":{"environment":"Prod_SoutheastAsia_000j", "migrationStage":"NotStarted", "server":"GENERAL0100000P"}}
{"logTime": "0826/112204", "correlationVector":"bbYbNJ9RZHAfRsE4J+OCX8","action":"SyncServerConnectionManagerRequest", "result":"SYNC_SERVER_OK", "context":{"environment":"", "migrationStage":"", "server":""}}
{"logTime": "0826/112204", "correlationVector":"KoL7f8lgKAycQn2SPrNEIt","action":"Initial GetUpdates", "result":"", "context":Reason: NEW_CLIENT. cV=KoL7f8lgKAycQn2SPrNEIt}
{"logTime": "0826/112204", "correlationVector":"KoL7f8lgKAycQn2SPrNEIt.2","action":"GetUpdates Response", "result":"Success", "context":Received 1 update(s). cV=KoL7f8lgKAycQn2SPrNEIt.0;server=GENERAL0100000P;cloudType=Consumer;environment=Prod_SoutheastAsia_000j;migrationStage=NotStarted}
{"logTime": "0826/112204", "correlationVector":"zGGmd6cRQRjRMOyojBgkC3","action":"Normal GetUpdate request", "result":"", "context":cV=zGGmd6cRQRjRMOyojBgkC3
Nudged types: Device Info
Refresh requested types: Device Info, User Consents, Send Tab To Self, Encryption Keys}
{"logTime": "0826/112204", "correlationVector":"zGGmd6cRQRjRMOyojBgkC3.1","action":"SyncServerConnectionManagerRequest", "result":"SYNC_SERVER_OK", "context":{"environment":"Prod_SoutheastAsia_000j", "migrationStage":"NotStarted", "server":"GENERAL03000020"}}
{"logTime": "0826/112204", "correlationVector":"zGGmd6cRQRjRMOyojBgkC3.2","action":"GetUpdates Response", "result":"Success", "context":Received 0 update(s). cV=zGGmd6cRQRjRMOyojBgkC3.0;server=GENERAL03000020;cloudType=Consumer;environment=Prod_SoutheastAsia_000j;migrationStage=NotStarted}
{"logTime": "0826/112204", "correlationVector":"Ce9LI9xQLjBmQWkqtVlvhA","action":"Commit Request", "result":"", "context":Item count: 1
Contributing types: Device Info}
{"logTime": "0826/112205", "correlationVector":"Ce9LI9xQLjBmQWkqtVlvhA.1","action":"SyncServerConnectionManagerRequest", "result":"SYNC_SERVER_OK", "context":{"environment":"Prod_SoutheastAsia_000j", "migrationStage":"NotStarted", "server":"GENERAL0300000L"}}
{"logTime": "0826/112205", "correlationVector":"Ce9LI9xQLjBmQWkqtVlvhA.2","action":"Commit Response", "result":"Success", "context":Result: Success. cV=Ce9LI9xQLjBmQWkqtVlvhA.0;server=GENERAL0300000L;cloudType=Consumer;environment=Prod_SoutheastAsia_000j;migrationStage=NotStarted}
{"logTime": "0826/112205", "correlationVector":"ZcNqzghMLoJkbLjGUS7eUC","action":"Normal GetUpdate request", "result":"", "context":cV=ZcNqzghMLoJkbLjGUS7eUC
Nudged types: Device Info}
{"logTime": "0826/112205", "correlationVector":"ZcNqzghMLoJkbLjGUS7eUC.1","action":"SyncServerConnectionManagerRequest", "result":"SYNC_SERVER_OK", "context":{"environment":"Prod_SoutheastAsia_000j", "migrationStage":"NotStarted", "server":"GENERAL0300002P"}}
{"logTime": "0826/112205", "correlationVector":"ZcNqzghMLoJkbLjGUS7eUC.2","action":"GetUpdates Response", "result":"Success", "context":Received 1 update(s). cV=ZcNqzghMLoJkbLjGUS7eUC.0;server=GENERAL0300002P;cloudType=Consumer;environment=Prod_SoutheastAsia_000j;migrationStage=NotStarted}
{"logTime": "0826/112703", "correlationVector":"jmuyE2vwwhdqasjyw3g/wE","action":"Normal GetUpdate request", "result":"", "context":cV=jmuyE2vwwhdqasjyw3g/wE
Refresh requested types: Device Info, User Consents, Send Tab To Self, Encryption Keys}
{"logTime": "0826/112704", "correlationVector":"jmuyE2vwwhdqasjyw3g/wE.1","action":"SyncServerConnectionManagerRequest", "result":"SYNC_SERVER_OK", "context":{"environment":"Prod_SoutheastAsia_000j", "migrationStage":"NotStarted", "server":"GENERAL03000028"}}
{"logTime": "0826/112704", "correlationVector":"jmuyE2vwwhdqasjyw3g/wE.2","action":"GetUpdates Response", "result":"Success", "context":Received 0 update(s). cV=jmuyE2vwwhdqasjyw3g/wE.0;server=GENERAL03000028;cloudType=Consumer;environment=Prod_SoutheastAsia_000j;migrationStage=NotStarted}
{"logTime": "0826/112853", "correlationVector":"z+P7PU5jkqvus04y5KvaYw.1","action":"SyncServerConnectionManagerRequest", "result":"SYNC_SERVER_OK", "context":{"environment":"Prod_SoutheastAsia_000j", "migrationStage":"NotStarted", "server":"GENERAL0300001C"}}
{"logTime": "0826/112854", "correlationVector":"f6Jy9SubzSjDYTN1pdHQDp","action":"SyncServerConnectionManagerRequest", "result":"SYNC_SERVER_OK", "context":{"environment":"", "migrationStage":"", "server":""}}
{"logTime": "0826/112854", "correlationVector":"z+P7PU5jkqvus04y5KvaYw","action":"Initial GetUpdates", "result":"", "context":Reason: NEW_CLIENT. cV=z+P7PU5jkqvus04y5KvaYw}
{"logTime": "0826/112854", "correlationVector":"z+P7PU5jkqvus04y5KvaYw.2","action":"GetUpdates Response", "result":"Success", "context":Received 1 update(s). cV=z+P7PU5jkqvus04y5KvaYw.0;server=GENERAL0300001C;cloudType=Consumer;environment=Prod_SoutheastAsia_000j;migrationStage=NotStarted}
{"logTime": "0826/112854", "correlationVector":"GR0DG+8MHW/1bGuqxk6/57","action":"Normal GetUpdate request", "result":"", "context":cV=GR0DG+8MHW/1bGuqxk6/57
Refresh requested types: Device Info, User Consents, Send Tab To Self, Encryption Keys}
{"logTime": "0826/112854", "correlationVector":"GR0DG+8MHW/1bGuqxk6/57.1","action":"SyncServerConnectionManagerRequest", "result":"SYNC_SERVER_OK", "context":{"environment":"Prod_SoutheastAsia_000j", "migrationStage":"NotStarted", "server":"GENERAL0300000A"}}
{"logTime": "0826/112854", "correlationVector":"GR0DG+8MHW/1bGuqxk6/57.2","action":"GetUpdates Response", "result":"Success", "context":Received 0 update(s). cV=GR0DG+8MHW/1bGuqxk6/57.0;server=GENERAL0300000A;cloudType=Consumer;environment=Prod_SoutheastAsia_000j;migrationStage=NotStarted}
{"logTime": "0826/175023", "correlationVector":"FoJrTdddNQPinDhjXP/CPf.1","action":"SyncServerConnectionManagerRequest", "result":"SYNC_SERVER_OK", "context":{"environment":"Prod_SoutheastAsia_000j", "migrationStage":"NotStarted", "server":"GENERAL0300001H"}}
{"logTime": "0826/175023", "correlationVector":"SR67ZiFlw7EY1hNW2ML2yy","action":"SyncServerConnectionManagerRequest", "result":"SYNC_SERVER_OK", "context":{"environment":"", "migrationStage":"", "server":""}}
{"logTime": "0826/175023", "correlationVector":"FoJrTdddNQPinDhjXP/CPf","action":"Initial GetUpdates", "result":"", "context":Reason: NEW_CLIENT. cV=FoJrTdddNQPinDhjXP/CPf}
{"logTime": "0826/175023", "correlationVector":"FoJrTdddNQPinDhjXP/CPf.2","action":"GetUpdates Response", "result":"Success", "context":Received 1 update(s). cV=FoJrTdddNQPinDhjXP/CPf.0;server=GENERAL0300001H;cloudType=Consumer;environment=Prod_SoutheastAsia_000j;migrationStage=NotStarted}
{"logTime": "0826/175023", "correlationVector":"JrHqPMwvmeEtopX5XImngJ","action":"Normal GetUpdate request", "result":"", "context":cV=JrHqPMwvmeEtopX5XImngJ
Refresh requested types: Device Info, User Consents, Send Tab To Self, Encryption Keys}
{"logTime": "0826/175023", "correlationVector":"JrHqPMwvmeEtopX5XImngJ.1","action":"SyncServerConnectionManagerRequest", "result":"SYNC_SERVER_OK", "context":{"environment":"Prod_SoutheastAsia_000j", "migrationStage":"NotStarted", "server":"GENERAL0300002U"}}
{"logTime": "0826/175023", "correlationVector":"JrHqPMwvmeEtopX5XImngJ.2","action":"GetUpdates Response", "result":"Success", "context":Received 0 update(s). cV=JrHqPMwvmeEtopX5XImngJ.0;server=GENERAL0300002U;cloudType=Consumer;environment=Prod_SoutheastAsia_000j;migrationStage=NotStarted}
{"logTime": "0826/175023", "correlationVector":"z8n48R/Jb5ZAMEAGTXbAYX","action":"Poll GetUpdate request", "result":"", "context":cV=z8n48R/Jb5ZAMEAGTXbAYX}
{"logTime": "0826/175024", "correlationVector":"z8n48R/Jb5ZAMEAGTXbAYX.1","action":"SyncServerConnectionManagerRequest", "result":"SYNC_SERVER_OK", "context":{"environment":"Prod_SoutheastAsia_000j", "migrationStage":"NotStarted", "server":"GENERAL0100000P"}}
{"logTime": "0826/175024", "correlationVector":"z8n48R/Jb5ZAMEAGTXbAYX.2","action":"GetUpdates Response", "result":"Success", "context":Received 0 update(s). cV=z8n48R/Jb5ZAMEAGTXbAYX.0;server=GENERAL0100000P;cloudType=Consumer;environment=Prod_SoutheastAsia_000j;migrationStage=NotStarted}
{"logTime": "0826/175522", "correlationVector":"hklVJj2t9f4HPCODR0vgvg","action":"Normal GetUpdate request", "result":"", "context":cV=hklVJj2t9f4HPCODR0vgvg
Refresh requested types: Device Info, User Consents, Send Tab To Self, Encryption Keys}
{"logTime": "0826/175522", "correlationVector":"hklVJj2t9f4HPCODR0vgvg.1","action":"SyncServerConnectionManagerRequest", "result":"SYNC_SERVER_OK", "context":{"environment":"Prod_SoutheastAsia_000j", "migrationStage":"NotStarted", "server":"GENERAL0100000G"}}
{"logTime": "0826/175522", "correlationVector":"hklVJj2t9f4HPCODR0vgvg.2","action":"GetUpdates Response", "result":"Success", "context":Received 0 update(s). cV=hklVJj2t9f4HPCODR0vgvg.0;server=GENERAL0100000G;cloudType=Consumer;environment=Prod_SoutheastAsia_000j;migrationStage=NotStarted}
{"logTime": "0826/175719", "correlationVector":"L91aAnyVLO3JgFsVhhDpJ2.1","action":"SyncServerConnectionManagerRequest", "result":"SYNC_SERVER_OK", "context":{"environment":"Prod_SoutheastAsia_000j", "migrationStage":"NotStarted", "server":"GENERAL0300002C"}}
{"logTime": "0826/175720", "correlationVector":"zL6cz3CpA/2iUdoSu2i0dN","action":"SyncServerConnectionManagerRequest", "result":"SYNC_SERVER_OK", "context":{"environment":"", "migrationStage":"", "server":""}}
{"logTime": "0826/175720", "correlationVector":"L91aAnyVLO3JgFsVhhDpJ2","action":"Initial GetUpdates", "result":"", "context":Reason: NEW_CLIENT. cV=L91aAnyVLO3JgFsVhhDpJ2}
{"logTime": "0826/175720", "correlationVector":"L91aAnyVLO3JgFsVhhDpJ2.2","action":"GetUpdates Response", "result":"Success", "context":Received 1 update(s). cV=L91aAnyVLO3JgFsVhhDpJ2.0;server=GENERAL0300002C;cloudType=Consumer;environment=Prod_SoutheastAsia_000j;migrationStage=NotStarted}
{"logTime": "0826/175720", "correlationVector":"sLgamy2RSwYSJN1je4bCLS","action":"Normal GetUpdate request", "result":"", "context":cV=sLgamy2RSwYSJN1je4bCLS
Refresh requested types: Device Info, User Consents, Send Tab To Self, Encryption Keys}
{"logTime": "0826/175720", "correlationVector":"sLgamy2RSwYSJN1je4bCLS.1","action":"SyncServerConnectionManagerRequest", "result":"SYNC_SERVER_OK", "context":{"environment":"Prod_SoutheastAsia_000j", "migrationStage":"NotStarted", "server":"GENERAL0300000T"}}
{"logTime": "0826/175720", "correlationVector":"sLgamy2RSwYSJN1je4bCLS.2","action":"GetUpdates Response", "result":"Success", "context":Received 0 update(s). cV=sLgamy2RSwYSJN1je4bCLS.0;server=GENERAL0300000T;cloudType=Consumer;environment=Prod_SoutheastAsia_000j;migrationStage=NotStarted}
{"logTime": "0826/180220", "correlationVector":"GRm6IjMsHjpNlX0YOLUZH4","action":"Normal GetUpdate request", "result":"", "context":cV=GRm6IjMsHjpNlX0YOLUZH4
Refresh requested types: Device Info, User Consents, Send Tab To Self, Encryption Keys}
{"logTime": "0826/180220", "correlationVector":"GRm6IjMsHjpNlX0YOLUZH4.1","action":"SyncServerConnectionManagerRequest", "result":"SYNC_SERVER_OK", "context":{"environment":"Prod_SoutheastAsia_000j", "migrationStage":"NotStarted", "server":"GENERAL0300000U"}}
{"logTime": "0826/180220", "correlationVector":"GRm6IjMsHjpNlX0YOLUZH4.2","action":"GetUpdates Response", "result":"Success", "context":Received 0 update(s). cV=GRm6IjMsHjpNlX0YOLUZH4.0;server=GENERAL0300000U;cloudType=Consumer;environment=Prod_SoutheastAsia_000j;migrationStage=NotStarted}
{"logTime": "0826/180911", "correlationVector":"nCEMowmfu1047CSWBIWlIT.1","action":"SyncServerConnectionManagerRequest", "result":"SYNC_SERVER_OK", "context":{"environment":"Prod_SoutheastAsia_000j", "migrationStage":"NotStarted", "server":"GENERAL0300001T"}}
{"logTime": "0826/180911", "correlationVector":"Ub6HRdP2lhPVp5vrfZvXpL","action":"SyncServerConnectionManagerRequest", "result":"SYNC_SERVER_OK", "context":{"environment":"", "migrationStage":"", "server":""}}
{"logTime": "0826/180911", "correlationVector":"nCEMowmfu1047CSWBIWlIT","action":"Initial GetUpdates", "result":"", "context":Reason: NEW_CLIENT. cV=nCEMowmfu1047CSWBIWlIT}
{"logTime": "0826/180911", "correlationVector":"nCEMowmfu1047CSWBIWlIT.2","action":"GetUpdates Response", "result":"Success", "context":Received 1 update(s). cV=nCEMowmfu1047CSWBIWlIT.0;server=GENERAL0300001T;cloudType=Consumer;environment=Prod_SoutheastAsia_000j;migrationStage=NotStarted}
{"logTime": "0826/180911", "correlationVector":"0TD5KNXQHlFvjou+DjYn84","action":"Normal GetUpdate request", "result":"", "context":cV=0TD5KNXQHlFvjou+DjYn84
Refresh requested types: Device Info, User Consents, Send Tab To Self, Encryption Keys}
{"logTime": "0826/180912", "correlationVector":"0TD5KNXQHlFvjou+DjYn84.1","action":"SyncServerConnectionManagerRequest", "result":"SYNC_SERVER_OK", "context":{"environment":"Prod_SoutheastAsia_000j", "migrationStage":"NotStarted", "server":"GENERAL03000000"}}
{"logTime": "0826/180912", "correlationVector":"0TD5KNXQHlFvjou+DjYn84.2","action":"GetUpdates Response", "result":"Success", "context":Received 0 update(s). cV=0TD5KNXQHlFvjou+DjYn84.0;server=GENERAL03000000;cloudType=Consumer;environment=Prod_SoutheastAsia_000j;migrationStage=NotStarted}
{"logTime": "0826/181419", "correlationVector":"x62+gHYACMA2HxNTP7dUN5.1","action":"SyncServerConnectionManagerRequest", "result":"SYNC_SERVER_OK", "context":{"environment":"Prod_SoutheastAsia_000j", "migrationStage":"NotStarted", "server":"GENERAL03000010"}}
{"logTime": "0826/181419", "correlationVector":"Dr5+FAW1PVzFraSu45gJ73","action":"SyncServerConnectionManagerRequest", "result":"SYNC_SERVER_OK", "context":{"environment":"", "migrationStage":"", "server":""}}
{"logTime": "0826/181419", "correlationVector":"x62+gHYACMA2HxNTP7dUN5","action":"Initial GetUpdates", "result":"", "context":Reason: NEW_CLIENT. cV=x62+gHYACMA2HxNTP7dUN5}
{"logTime": "0826/181419", "correlationVector":"x62+gHYACMA2HxNTP7dUN5.2","action":"GetUpdates Response", "result":"Success", "context":Received 1 update(s). cV=x62+gHYACMA2HxNTP7dUN5.0;server=GENERAL03000010;cloudType=Consumer;environment=Prod_SoutheastAsia_000j;migrationStage=NotStarted}
{"logTime": "0826/181419", "correlationVector":"G7biWO6PayAuCUTiMNxP8h","action":"Normal GetUpdate request", "result":"", "context":cV=G7biWO6PayAuCUTiMNxP8h
Refresh requested types: Device Info, User Consents, Send Tab To Self, Encryption Keys}
{"logTime": "0826/181420", "correlationVector":"G7biWO6PayAuCUTiMNxP8h.1","action":"SyncServerConnectionManagerRequest", "result":"SYNC_SERVER_OK", "context":{"environment":"Prod_SoutheastAsia_000j", "migrationStage":"NotStarted", "server":"GENERAL0300001C"}}
{"logTime": "0826/181420", "correlationVector":"G7biWO6PayAuCUTiMNxP8h.2","action":"GetUpdates Response", "result":"Success", "context":Received 0 update(s). cV=G7biWO6PayAuCUTiMNxP8h.0;server=GENERAL0300001C;cloudType=Consumer;environment=Prod_SoutheastAsia_000j;migrationStage=NotStarted}
{"logTime": "0826/215016", "correlationVector":"j5q5+WvowZGNpam5DO8cR4.1","action":"SyncServerConnectionManagerRequest", "result":"SYNC_SERVER_OK", "context":{"environment":"Prod_SoutheastAsia_000j", "migrationStage":"NotStarted", "server":"GENERAL0300000L"}}
{"logTime": "0826/215016", "correlationVector":"2/jG8fyROYu1/AZz1fgRTK","action":"SyncServerConnectionManagerRequest", "result":"SYNC_SERVER_OK", "context":{"environment":"", "migrationStage":"", "server":""}}
{"logTime": "0826/215016", "correlationVector":"j5q5+WvowZGNpam5DO8cR4","action":"Initial GetUpdates", "result":"", "context":Reason: NEW_CLIENT. cV=j5q5+WvowZGNpam5DO8cR4}
{"logTime": "0826/215016", "correlationVector":"j5q5+WvowZGNpam5DO8cR4.2","action":"GetUpdates Response", "result":"Success", "context":Received 1 update(s). cV=j5q5+WvowZGNpam5DO8cR4.0;server=GENERAL0300000L;cloudType=Consumer;environment=Prod_SoutheastAsia_000j;migrationStage=NotStarted}
{"logTime": "0826/215016", "correlationVector":"TpZwA+Xy8kjV1O1DTKJTRL","action":"Normal GetUpdate request", "result":"", "context":cV=TpZwA+Xy8kjV1O1DTKJTRL
Refresh requested types: Device Info, User Consents, Send Tab To Self, Encryption Keys}
{"logTime": "0826/215017", "correlationVector":"TpZwA+Xy8kjV1O1DTKJTRL.1","action":"SyncServerConnectionManagerRequest", "result":"SYNC_SERVER_OK", "context":{"environment":"Prod_SoutheastAsia_000j", "migrationStage":"NotStarted", "server":"GENERAL0100000K"}}
{"logTime": "0826/215017", "correlationVector":"TpZwA+Xy8kjV1O1DTKJTRL.2","action":"GetUpdates Response", "result":"Success", "context":Received 0 update(s). cV=TpZwA+Xy8kjV1O1DTKJTRL.0;server=GENERAL0100000K;cloudType=Consumer;environment=Prod_SoutheastAsia_000j;migrationStage=NotStarted}
{"logTime": "0826/215515", "correlationVector":"toLlGpK0FZjMBkPDMKGL7p","action":"Normal GetUpdate request", "result":"", "context":cV=toLlGpK0FZjMBkPDMKGL7p
Refresh requested types: Device Info, User Consents, Send Tab To Self, Encryption Keys}
{"logTime": "0826/215516", "correlationVector":"toLlGpK0FZjMBkPDMKGL7p.1","action":"SyncServerConnectionManagerRequest", "result":"SYNC_SERVER_OK", "context":{"environment":"Prod_SoutheastAsia_000j", "migrationStage":"NotStarted", "server":"GENERAL03000020"}}
{"logTime": "0826/215516", "correlationVector":"toLlGpK0FZjMBkPDMKGL7p.2","action":"GetUpdates Response", "result":"Success", "context":Received 0 update(s). cV=toLlGpK0FZjMBkPDMKGL7p.0;server=GENERAL03000020;cloudType=Consumer;environment=Prod_SoutheastAsia_000j;migrationStage=NotStarted}
{"logTime": "0826/223055", "correlationVector":"4Ds+/FT/fQYwKmXz0p7eao.1","action":"SyncServerConnectionManagerRequest", "result":"SYNC_SERVER_OK", "context":{"environment":"Prod_SoutheastAsia_000j", "migrationStage":"NotStarted", "server":"GENERAL03000020"}}
{"logTime": "0826/223056", "correlationVector":"7SL5EUsdQwq0DSae9eEQhJ","action":"SyncServerConnectionManagerRequest", "result":"SYNC_SERVER_OK", "context":{"environment":"", "migrationStage":"", "server":""}}
{"logTime": "0826/223056", "correlationVector":"4Ds+/FT/fQYwKmXz0p7eao","action":"Initial GetUpdates", "result":"", "context":Reason: NEW_CLIENT. cV=4Ds+/FT/fQYwKmXz0p7eao}
{"logTime": "0826/223056", "correlationVector":"4Ds+/FT/fQYwKmXz0p7eao.2","action":"GetUpdates Response", "result":"Success", "context":Received 1 update(s). cV=4Ds+/FT/fQYwKmXz0p7eao.0;server=GENERAL03000020;cloudType=Consumer;environment=Prod_SoutheastAsia_000j;migrationStage=NotStarted}
{"logTime": "0826/223056", "correlationVector":"IOZHVEMAHmRcDZ/79ImlHY","action":"Normal GetUpdate request", "result":"", "context":cV=IOZHVEMAHmRcDZ/79ImlHY
Refresh requested types: Device Info, User Consents, Send Tab To Self, Encryption Keys}
{"logTime": "0826/223056", "correlationVector":"IOZHVEMAHmRcDZ/79ImlHY.1","action":"SyncServerConnectionManagerRequest", "result":"SYNC_SERVER_OK", "context":{"environment":"Prod_SoutheastAsia_000j", "migrationStage":"NotStarted", "server":"GENERAL03000015"}}
{"logTime": "0826/223056", "correlationVector":"IOZHVEMAHmRcDZ/79ImlHY.2","action":"GetUpdates Response", "result":"Success", "context":Received 0 update(s). cV=IOZHVEMAHmRcDZ/79ImlHY.0;server=GENERAL03000015;cloudType=Consumer;environment=Prod_SoutheastAsia_000j;migrationStage=NotStarted}
{"logTime": "0826/223555", "correlationVector":"L7Jgb0ib98ypQFlNwtYuB+","action":"Normal GetUpdate request", "result":"", "context":cV=L7Jgb0ib98ypQFlNwtYuB+
Refresh requested types: Device Info, User Consents, Send Tab To Self, Encryption Keys}
{"logTime": "0826/223555", "correlationVector":"L7Jgb0ib98ypQFlNwtYuB+.1","action":"SyncServerConnectionManagerRequest", "result":"SYNC_SERVER_OK", "context":{"environment":"Prod_SoutheastAsia_000j", "migrationStage":"NotStarted", "server":"GENERAL01000011"}}
{"logTime": "0826/223555", "correlationVector":"L7Jgb0ib98ypQFlNwtYuB+.2","action":"GetUpdates Response", "result":"Success", "context":Received 0 update(s). cV=L7Jgb0ib98ypQFlNwtYuB+.0;server=GENERAL01000011;cloudType=Consumer;environment=Prod_SoutheastAsia_000j;migrationStage=NotStarted}
{"logTime": "0826/224246", "correlationVector":"CRLvqoz4gwOFcYPZV3rDgq.1","action":"SyncServerConnectionManagerRequest", "result":"SYNC_SERVER_OK", "context":{"environment":"Prod_SoutheastAsia_000j", "migrationStage":"NotStarted", "server":"GENERAL0300002U"}}
{"logTime": "0826/224246", "correlationVector":"VMoAub85qYDPnZ6G9edrMO","action":"SyncServerConnectionManagerRequest", "result":"SYNC_SERVER_OK", "context":{"environment":"", "migrationStage":"", "server":""}}
{"logTime": "0826/224246", "correlationVector":"CRLvqoz4gwOFcYPZV3rDgq","action":"Initial GetUpdates", "result":"", "context":Reason: NEW_CLIENT. cV=CRLvqoz4gwOFcYPZV3rDgq}
{"logTime": "0826/224246", "correlationVector":"CRLvqoz4gwOFcYPZV3rDgq.2","action":"GetUpdates Response", "result":"Success", "context":Received 1 update(s). cV=CRLvqoz4gwOFcYPZV3rDgq.0;server=GENERAL0300002U;cloudType=Consumer;environment=Prod_SoutheastAsia_000j;migrationStage=NotStarted}
{"logTime": "0826/224246", "correlationVector":"XSreBVflvNp1nJ3+eqL4x8","action":"Normal GetUpdate request", "result":"", "context":cV=XSreBVflvNp1nJ3+eqL4x8
Refresh requested types: Device Info, User Consents, Send Tab To Self, Encryption Keys}
{"logTime": "0826/224247", "correlationVector":"XSreBVflvNp1nJ3+eqL4x8.1","action":"SyncServerConnectionManagerRequest", "result":"SYNC_SERVER_OK", "context":{"environment":"Prod_SoutheastAsia_000j", "migrationStage":"NotStarted", "server":"GENERAL0300000B"}}
{"logTime": "0826/224247", "correlationVector":"XSreBVflvNp1nJ3+eqL4x8.2","action":"GetUpdates Response", "result":"Success", "context":Received 0 update(s). cV=XSreBVflvNp1nJ3+eqL4x8.0;server=GENERAL0300000B;cloudType=Consumer;environment=Prod_SoutheastAsia_000j;migrationStage=NotStarted}
{"logTime": "0826/224746", "correlationVector":"BJbXohO1vxUKedR1Tnk04B","action":"Normal GetUpdate request", "result":"", "context":cV=BJbXohO1vxUKedR1Tnk04B
Refresh requested types: Device Info, User Consents, Send Tab To Self, Encryption Keys}
{"logTime": "0826/224752", "correlationVector":"BJbXohO1vxUKedR1Tnk04B.1","action":"SyncServerConnectionManagerRequest", "result":"SYNC_SERVER_OK", "context":{"environment":"Prod_SoutheastAsia_000j", "migrationStage":"NotStarted", "server":"GENERAL03000010"}}
{"logTime": "0826/224752", "correlationVector":"BJbXohO1vxUKedR1Tnk04B.2","action":"GetUpdates Response", "result":"Success", "context":Received 0 update(s). cV=BJbXohO1vxUKedR1Tnk04B.0;server=GENERAL03000010;cloudType=Consumer;environment=Prod_SoutheastAsia_000j;migrationStage=NotStarted}
{"logTime": "0826/225148", "correlationVector":"pgkhkxZMEVenKp9NDm1Yc5.1","action":"SyncServerConnectionManagerRequest", "result":"SYNC_SERVER_OK", "context":{"environment":"Prod_SoutheastAsia_000j", "migrationStage":"NotStarted", "server":"GENERAL01000006"}}
{"logTime": "0826/225149", "correlationVector":"uPyrXWlk1GnAdAU8ahmcc5","action":"SyncServerConnectionManagerRequest", "result":"SYNC_SERVER_OK", "context":{"environment":"", "migrationStage":"", "server":""}}
{"logTime": "0826/225149", "correlationVector":"pgkhkxZMEVenKp9NDm1Yc5","action":"Initial GetUpdates", "result":"", "context":Reason: NEW_CLIENT. cV=pgkhkxZMEVenKp9NDm1Yc5}
{"logTime": "0826/225149", "correlationVector":"pgkhkxZMEVenKp9NDm1Yc5.2","action":"GetUpdates Response", "result":"Success", "context":Received 1 update(s). cV=pgkhkxZMEVenKp9NDm1Yc5.0;server=GENERAL01000006;cloudType=Consumer;environment=Prod_SoutheastAsia_000j;migrationStage=NotStarted}
{"logTime": "0826/225149", "correlationVector":"YzWadCvA1ysJtE+lpRYUuL","action":"Normal GetUpdate request", "result":"", "context":cV=YzWadCvA1ysJtE+lpRYUuL
Refresh requested types: Device Info, User Consents, Send Tab To Self, Encryption Keys}
{"logTime": "0826/225149", "correlationVector":"YzWadCvA1ysJtE+lpRYUuL.1","action":"SyncServerConnectionManagerRequest", "result":"SYNC_SERVER_OK", "context":{"environment":"Prod_SoutheastAsia_000j", "migrationStage":"NotStarted", "server":"GENERAL0300002H"}}
{"logTime": "0826/225149", "correlationVector":"YzWadCvA1ysJtE+lpRYUuL.2","action":"GetUpdates Response", "result":"Success", "context":Received 0 update(s). cV=YzWadCvA1ysJtE+lpRYUuL.0;server=GENERAL0300002H;cloudType=Consumer;environment=Prod_SoutheastAsia_000j;migrationStage=NotStarted}
{"logTime": "0826/225647", "correlationVector":"tODlR/O1rCnkPKbBrXxn0X","action":"Normal GetUpdate request", "result":"", "context":cV=tODlR/O1rCnkPKbBrXxn0X
Refresh requested types: Device Info, User Consents, Send Tab To Self, Encryption Keys}
{"logTime": "0826/225653", "correlationVector":"tODlR/O1rCnkPKbBrXxn0X.1","action":"SyncServerConnectionManagerRequest", "result":"SYNC_SERVER_OK", "context":{"environment":"Prod_SoutheastAsia_000j", "migrationStage":"NotStarted", "server":"GENERAL01000008"}}
{"logTime": "0826/225653", "correlationVector":"tODlR/O1rCnkPKbBrXxn0X.2","action":"GetUpdates Response", "result":"Success", "context":Received 0 update(s). cV=tODlR/O1rCnkPKbBrXxn0X.0;server=GENERAL01000008;cloudType=Consumer;environment=Prod_SoutheastAsia_000j;migrationStage=NotStarted}
{"logTime": "0826/231218", "correlationVector":"clXK9WXd+t/OIMut76yT4h.1","action":"SyncServerConnectionManagerRequest", "result":"SYNC_SERVER_OK", "context":{"environment":"Prod_SoutheastAsia_000j", "migrationStage":"NotStarted", "server":"GENERAL0300001F"}}
{"logTime": "0826/231219", "correlationVector":"9QfkzhX+z73xo5gvYVKnYg","action":"SyncServerConnectionManagerRequest", "result":"SYNC_SERVER_OK", "context":{"environment":"", "migrationStage":"", "server":""}}
{"logTime": "0826/231219", "correlationVector":"clXK9WXd+t/OIMut76yT4h","action":"Initial GetUpdates", "result":"", "context":Reason: NEW_CLIENT. cV=clXK9WXd+t/OIMut76yT4h}
{"logTime": "0826/231219", "correlationVector":"clXK9WXd+t/OIMut76yT4h.2","action":"GetUpdates Response", "result":"Success", "context":Received 1 update(s). cV=clXK9WXd+t/OIMut76yT4h.0;server=GENERAL0300001F;cloudType=Consumer;environment=Prod_SoutheastAsia_000j;migrationStage=NotStarted}
{"logTime": "0826/231219", "correlationVector":"SBy+3yK4OYvC21E96uPeXX","action":"Normal GetUpdate request", "result":"", "context":cV=SBy+3yK4OYvC21E96uPeXX
Refresh requested types: Device Info, User Consents, Send Tab To Self, Encryption Keys}
{"logTime": "0826/231219", "correlationVector":"SBy+3yK4OYvC21E96uPeXX.1","action":"SyncServerConnectionManagerRequest", "result":"SYNC_SERVER_OK", "context":{"environment":"Prod_SoutheastAsia_000j", "migrationStage":"NotStarted", "server":"GENERAL03000016"}}
{"logTime": "0826/231219", "correlationVector":"SBy+3yK4OYvC21E96uPeXX.2","action":"GetUpdates Response", "result":"Success", "context":Received 0 update(s). cV=SBy+3yK4OYvC21E96uPeXX.0;server=GENERAL03000016;cloudType=Consumer;environment=Prod_SoutheastAsia_000j;migrationStage=NotStarted}
{"logTime": "0826/233341", "correlationVector":"kXXCURa/80zGIlNvFaWLDG.1","action":"SyncServerConnectionManagerRequest", "result":"SYNC_SERVER_OK", "context":{"environment":"Prod_SoutheastAsia_000j", "migrationStage":"NotStarted", "server":"GENERAL0100001I"}}
{"logTime": "0826/233341", "correlationVector":"pVMa35dnDTlXvyhS68baal","action":"SyncServerConnectionManagerRequest", "result":"SYNC_SERVER_OK", "context":{"environment":"", "migrationStage":"", "server":""}}
{"logTime": "0826/233341", "correlationVector":"kXXCURa/80zGIlNvFaWLDG","action":"Initial GetUpdates", "result":"", "context":Reason: NEW_CLIENT. cV=kXXCURa/80zGIlNvFaWLDG}
{"logTime": "0826/233341", "correlationVector":"kXXCURa/80zGIlNvFaWLDG.2","action":"GetUpdates Response", "result":"Success", "context":Received 1 update(s). cV=kXXCURa/80zGIlNvFaWLDG.0;server=GENERAL0100001I;cloudType=Consumer;environment=Prod_SoutheastAsia_000j;migrationStage=NotStarted}
{"logTime": "0826/233341", "correlationVector":"E8GdEPe5ZUwkfHpgIK2v4i","action":"Normal GetUpdate request", "result":"", "context":cV=E8GdEPe5ZUwkfHpgIK2v4i
Refresh requested types: Device Info, User Consents, Send Tab To Self, Encryption Keys}
{"logTime": "0826/233342", "correlationVector":"E8GdEPe5ZUwkfHpgIK2v4i.1","action":"SyncServerConnectionManagerRequest", "result":"SYNC_SERVER_OK", "context":{"environment":"Prod_SoutheastAsia_000j", "migrationStage":"NotStarted", "server":"GENERAL01000012"}}
{"logTime": "0826/233342", "correlationVector":"E8GdEPe5ZUwkfHpgIK2v4i.2","action":"GetUpdates Response", "result":"Success", "context":Received 0 update(s). cV=E8GdEPe5ZUwkfHpgIK2v4i.0;server=GENERAL01000012;cloudType=Consumer;environment=Prod_SoutheastAsia_000j;migrationStage=NotStarted}
{"logTime": "0826/233842", "correlationVector":"ofjIyDQzdhAktQKnHD9PBW.1","action":"SyncServerConnectionManagerRequest", "result":"SYNC_SERVER_OK", "context":{"environment":"Prod_SoutheastAsia_000j", "migrationStage":"NotStarted", "server":"GENERAL0300000A"}}
{"logTime": "0826/233842", "correlationVector":"4lFSo35K2O2x1imRT/hlXJ","action":"SyncServerConnectionManagerRequest", "result":"SYNC_SERVER_OK", "context":{"environment":"", "migrationStage":"", "server":""}}
{"logTime": "0826/233842", "correlationVector":"ofjIyDQzdhAktQKnHD9PBW","action":"Initial GetUpdates", "result":"", "context":Reason: NEW_CLIENT. cV=ofjIyDQzdhAktQKnHD9PBW}
{"logTime": "0826/233842", "correlationVector":"ofjIyDQzdhAktQKnHD9PBW.2","action":"GetUpdates Response", "result":"Success", "context":Received 1 update(s). cV=ofjIyDQzdhAktQKnHD9PBW.0;server=GENERAL0300000A;cloudType=Consumer;environment=Prod_SoutheastAsia_000j;migrationStage=NotStarted}
{"logTime": "0826/233842", "correlationVector":"5FWsGkwwObs4WznRWddO6p","action":"Normal GetUpdate request", "result":"", "context":cV=5FWsGkwwObs4WznRWddO6p
Refresh requested types: Device Info, User Consents, Send Tab To Self, Encryption Keys}
{"logTime": "0826/233843", "correlationVector":"5FWsGkwwObs4WznRWddO6p.1","action":"SyncServerConnectionManagerRequest", "result":"SYNC_SERVER_OK", "context":{"environment":"Prod_SoutheastAsia_000j", "migrationStage":"NotStarted", "server":"GENERAL0300001T"}}
{"logTime": "0826/233843", "correlationVector":"5FWsGkwwObs4WznRWddO6p.2","action":"GetUpdates Response", "result":"Success", "context":Received 0 update(s). cV=5FWsGkwwObs4WznRWddO6p.0;server=GENERAL0300001T;cloudType=Consumer;environment=Prod_SoutheastAsia_000j;migrationStage=NotStarted}
{"logTime": "0826/235527", "correlationVector":"bhQ5N+gJNnwZOnOdjI5czD","action":"Normal GetUpdate request", "result":"", "context":cV=bhQ5N+gJNnwZOnOdjI5czD
Refresh requested types: Device Info, User Consents, Send Tab To Self, Encryption Keys}
{"logTime": "0826/235621", "correlationVector":"dRmUKeHwxoZh2b7+rzUACN.1","action":"SyncServerConnectionManagerRequest", "result":"SYNC_SERVER_OK", "context":{"environment":"Prod_SoutheastAsia_000j", "migrationStage":"NotStarted", "server":"GENERAL01000009"}}
{"logTime": "0826/235622", "correlationVector":"ePtElzcgq0P2xu1VsdZ4Rj","action":"SyncServerConnectionManagerRequest", "result":"SYNC_SERVER_OK", "context":{"environment":"", "migrationStage":"", "server":""}}
{"logTime": "0826/235622", "correlationVector":"dRmUKeHwxoZh2b7+rzUACN","action":"Initial GetUpdates", "result":"", "context":Reason: NEW_CLIENT. cV=dRmUKeHwxoZh2b7+rzUACN}
{"logTime": "0826/235622", "correlationVector":"dRmUKeHwxoZh2b7+rzUACN.2","action":"GetUpdates Response", "result":"Success", "context":Received 1 update(s). cV=dRmUKeHwxoZh2b7+rzUACN.0;server=GENERAL01000009;cloudType=Consumer;environment=Prod_SoutheastAsia_000j;migrationStage=NotStarted}
{"logTime": "0826/235622", "correlationVector":"5QA+62tj2IBd4R1i40DZvo","action":"Normal GetUpdate request", "result":"", "context":cV=5QA+62tj2IBd4R1i40DZvo
Refresh requested types: Device Info, User Consents, Send Tab To Self, Encryption Keys}
{"logTime": "0826/235622", "correlationVector":"5QA+62tj2IBd4R1i40DZvo.1","action":"SyncServerConnectionManagerRequest", "result":"SYNC_SERVER_OK", "context":{"environment":"Prod_SoutheastAsia_000j", "migrationStage":"NotStarted", "server":"GENERAL0300001E"}}
{"logTime": "0826/235622", "correlationVector":"5QA+62tj2IBd4R1i40DZvo.2","action":"GetUpdates Response", "result":"Success", "context":Received 0 update(s). cV=5QA+62tj2IBd4R1i40DZvo.0;server=GENERAL0300001E;cloudType=Consumer;environment=Prod_SoutheastAsia_000j;migrationStage=NotStarted}
{"logTime": "0827/000121", "correlationVector":"ad3kXDVPxlEIbpLxfMVT+E","action":"Normal GetUpdate request", "result":"", "context":cV=ad3kXDVPxlEIbpLxfMVT+E
Refresh requested types: Device Info, User Consents, Send Tab To Self, Encryption Keys}
{"logTime": "0827/000122", "correlationVector":"ad3kXDVPxlEIbpLxfMVT+E.1","action":"SyncServerConnectionManagerRequest", "result":"SYNC_SERVER_OK", "context":{"environment":"Prod_SoutheastAsia_000j", "migrationStage":"NotStarted", "server":"GENERAL0100001C"}}
{"logTime": "0827/000122", "correlationVector":"ad3kXDVPxlEIbpLxfMVT+E.2","action":"GetUpdates Response", "result":"Success", "context":Received 0 update(s). cV=ad3kXDVPxlEIbpLxfMVT+E.0;server=GENERAL0100001C;cloudType=Consumer;environment=Prod_SoutheastAsia_000j;migrationStage=NotStarted}
{"logTime": "0827/011416", "correlationVector":"9csnhW60T+GRrhKbBAbDnP.1","action":"SyncServerConnectionManagerRequest", "result":"SYNC_SERVER_OK", "context":{"environment":"Prod_SoutheastAsia_000j", "migrationStage":"NotStarted", "server":"GENERAL0300001F"}}
{"logTime": "0827/011416", "correlationVector":"LYiw9ta8iqAXFW6PlcLZND","action":"SyncServerConnectionManagerRequest", "result":"SYNC_SERVER_OK", "context":{"environment":"", "migrationStage":"", "server":""}}
{"logTime": "0827/011416", "correlationVector":"9csnhW60T+GRrhKbBAbDnP","action":"Initial GetUpdates", "result":"", "context":Reason: NEW_CLIENT. cV=9csnhW60T+GRrhKbBAbDnP}
{"logTime": "0827/011416", "correlationVector":"9csnhW60T+GRrhKbBAbDnP.2","action":"GetUpdates Response", "result":"Success", "context":Received 1 update(s). cV=9csnhW60T+GRrhKbBAbDnP.0;server=GENERAL0300001F;cloudType=Consumer;environment=Prod_SoutheastAsia_000j;migrationStage=NotStarted}
{"logTime": "0827/011416", "correlationVector":"ziDzBWAGithA1+jV4OeEpm","action":"Normal GetUpdate request", "result":"", "context":cV=ziDzBWAGithA1+jV4OeEpm
Refresh requested types: Device Info, User Consents, Send Tab To Self, Encryption Keys}
{"logTime": "0827/011417", "correlationVector":"ziDzBWAGithA1+jV4OeEpm.1","action":"SyncServerConnectionManagerRequest", "result":"SYNC_SERVER_OK", "context":{"environment":"Prod_SoutheastAsia_000j", "migrationStage":"NotStarted", "server":"GENERAL01000018"}}
{"logTime": "0827/011417", "correlationVector":"ziDzBWAGithA1+jV4OeEpm.2","action":"GetUpdates Response", "result":"Success", "context":Received 0 update(s). cV=ziDzBWAGithA1+jV4OeEpm.0;server=GENERAL01000018;cloudType=Consumer;environment=Prod_SoutheastAsia_000j;migrationStage=NotStarted}
{"logTime": "0827/011916", "correlationVector":"AuC5hHio5wR1QEc/w4L7Jk","action":"Normal GetUpdate request", "result":"", "context":cV=AuC5hHio5wR1QEc/w4L7Jk
Refresh requested types: Device Info, User Consents, Send Tab To Self, Encryption Keys}
{"logTime": "0827/011916", "correlationVector":"AuC5hHio5wR1QEc/w4L7Jk.1","action":"SyncServerConnectionManagerRequest", "result":"SYNC_SERVER_OK", "context":{"environment":"Prod_SoutheastAsia_000j", "migrationStage":"NotStarted", "server":"GENERAL0300002K"}}
{"logTime": "0827/011916", "correlationVector":"AuC5hHio5wR1QEc/w4L7Jk.2","action":"GetUpdates Response", "result":"Success", "context":Received 0 update(s). cV=AuC5hHio5wR1QEc/w4L7Jk.0;server=GENERAL0300002K;cloudType=Consumer;environment=Prod_SoutheastAsia_000j;migrationStage=NotStarted}
{"logTime": "0827/012102", "correlationVector":"J/RsdtsYSkkSiajc1epipa.1","action":"SyncServerConnectionManagerRequest", "result":"SYNC_SERVER_OK", "context":{"environment":"Prod_SoutheastAsia_000j", "migrationStage":"NotStarted", "server":"GENERAL0100000T"}}
{"logTime": "0827/012103", "correlationVector":"qkJ4g99JS3/BdZUakyQ4oG","action":"SyncServerConnectionManagerRequest", "result":"SYNC_SERVER_OK", "context":{"environment":"", "migrationStage":"", "server":""}}
{"logTime": "0827/012103", "correlationVector":"J/RsdtsYSkkSiajc1epipa","action":"Initial GetUpdates", "result":"", "context":Reason: NEW_CLIENT. cV=J/RsdtsYSkkSiajc1epipa}
{"logTime": "0827/012103", "correlationVector":"J/RsdtsYSkkSiajc1epipa.2","action":"GetUpdates Response", "result":"Success", "context":Received 1 update(s). cV=J/RsdtsYSkkSiajc1epipa.0;server=GENERAL0100000T;cloudType=Consumer;environment=Prod_SoutheastAsia_000j;migrationStage=NotStarted}
{"logTime": "0827/012103", "correlationVector":"2/mQ9yfQlAoJT+sEPHr3Db","action":"Normal GetUpdate request", "result":"", "context":cV=2/mQ9yfQlAoJT+sEPHr3Db
Refresh requested types: Device Info, User Consents, Send Tab To Self, Encryption Keys}
{"logTime": "0827/012103", "correlationVector":"2/mQ9yfQlAoJT+sEPHr3Db.1","action":"SyncServerConnectionManagerRequest", "result":"SYNC_SERVER_OK", "context":{"environment":"Prod_SoutheastAsia_000j", "migrationStage":"NotStarted", "server":"GENERAL0300001I"}}
{"logTime": "0827/012103", "correlationVector":"2/mQ9yfQlAoJT+sEPHr3Db.2","action":"GetUpdates Response", "result":"Success", "context":Received 0 update(s). cV=2/mQ9yfQlAoJT+sEPHr3Db.0;server=GENERAL0300001I;cloudType=Consumer;environment=Prod_SoutheastAsia_000j;migrationStage=NotStarted}
{"logTime": "0827/012354", "correlationVector":"HR3KGmNSqSDeU1QBCxmszq.1","action":"SyncServerConnectionManagerRequest", "result":"SYNC_SERVER_OK", "context":{"environment":"Prod_SoutheastAsia_000j", "migrationStage":"NotStarted", "server":"GENERAL0300001E"}}
{"logTime": "0827/012355", "correlationVector":"VMq4mtMbsT4sxHdO0Dra2h","action":"SyncServerConnectionManagerRequest", "result":"SYNC_SERVER_OK", "context":{"environment":"", "migrationStage":"", "server":""}}
{"logTime": "0827/012355", "correlationVector":"HR3KGmNSqSDeU1QBCxmszq","action":"Initial GetUpdates", "result":"", "context":Reason: NEW_CLIENT. cV=HR3KGmNSqSDeU1QBCxmszq}
{"logTime": "0827/012355", "correlationVector":"HR3KGmNSqSDeU1QBCxmszq.2","action":"GetUpdates Response", "result":"Success", "context":Received 1 update(s). cV=HR3KGmNSqSDeU1QBCxmszq.0;server=GENERAL0300001E;cloudType=Consumer;environment=Prod_SoutheastAsia_000j;migrationStage=NotStarted}
{"logTime": "0827/012355", "correlationVector":"iOcpYxJmLTUDqGZqaoiKSZ","action":"Normal GetUpdate request", "result":"", "context":cV=iOcpYxJmLTUDqGZqaoiKSZ
Refresh requested types: Device Info, User Consents, Send Tab To Self, Encryption Keys}
{"logTime": "0827/012355", "correlationVector":"iOcpYxJmLTUDqGZqaoiKSZ.1","action":"SyncServerConnectionManagerRequest", "result":"SYNC_SERVER_OK", "context":{"environment":"Prod_SoutheastAsia_000j", "migrationStage":"NotStarted", "server":"GENERAL01000015"}}
{"logTime": "0827/012355", "correlationVector":"iOcpYxJmLTUDqGZqaoiKSZ.2","action":"GetUpdates Response", "result":"Success", "context":Received 0 update(s). cV=iOcpYxJmLTUDqGZqaoiKSZ.0;server=GENERAL01000015;cloudType=Consumer;environment=Prod_SoutheastAsia_000j;migrationStage=NotStarted}
{"logTime": "0827/012854", "correlationVector":"/wkp4NGEt4Wt0+SNcTjYyn","action":"Normal GetUpdate request", "result":"", "context":cV=/wkp4NGEt4Wt0+SNcTjYyn
Refresh requested types: Device Info, User Consents, Send Tab To Self, Encryption Keys}
{"logTime": "0827/012855", "correlationVector":"/wkp4NGEt4Wt0+SNcTjYyn.1","action":"SyncServerConnectionManagerRequest", "result":"SYNC_SERVER_OK", "context":{"environment":"Prod_SoutheastAsia_000j", "migrationStage":"NotStarted", "server":"GENERAL0100000N"}}
{"logTime": "0827/012855", "correlationVector":"/wkp4NGEt4Wt0+SNcTjYyn.2","action":"GetUpdates Response", "result":"Success", "context":Received 0 update(s). cV=/wkp4NGEt4Wt0+SNcTjYyn.0;server=GENERAL0100000N;cloudType=Consumer;environment=Prod_SoutheastAsia_000j;migrationStage=NotStarted}
{"logTime": "0827/015024", "correlationVector":"xfve/ylBsBP1Cd6S7bhtDJ","action":"Poll GetUpdate request", "result":"", "context":cV=xfve/ylBsBP1Cd6S7bhtDJ}
{"logTime": "0827/015024", "correlationVector":"xfve/ylBsBP1Cd6S7bhtDJ.1","action":"SyncServerConnectionManagerRequest", "result":"SYNC_SERVER_OK", "context":{"environment":"Prod_SoutheastAsia_000j", "migrationStage":"NotStarted", "server":"GENERAL0100001F"}}
{"logTime": "0827/015024", "correlationVector":"xfve/ylBsBP1Cd6S7bhtDJ.2","action":"GetUpdates Response", "result":"Success", "context":Received 0 update(s). cV=xfve/ylBsBP1Cd6S7bhtDJ.0;server=GENERAL0100001F;cloudType=Consumer;environment=Prod_SoutheastAsia_000j;migrationStage=NotStarted}
{"logTime": "0827/022102", "correlationVector":"lV5jgmq3xLXrBNKw6UqsXR.1","action":"SyncServerConnectionManagerRequest", "result":"SYNC_SERVER_OK", "context":{"environment":"Prod_SoutheastAsia_000j", "migrationStage":"NotStarted", "server":"GENERAL0300001X"}}
{"logTime": "0827/022102", "correlationVector":"SG3zC6k4I8b9q6y9DeWQXx","action":"SyncServerConnectionManagerRequest", "result":"SYNC_SERVER_OK", "context":{"environment":"", "migrationStage":"", "server":""}}
{"logTime": "0827/022102", "correlationVector":"lV5jgmq3xLXrBNKw6UqsXR","action":"Initial GetUpdates", "result":"", "context":Reason: NEW_CLIENT. cV=lV5jgmq3xLXrBNKw6UqsXR}
{"logTime": "0827/022102", "correlationVector":"lV5jgmq3xLXrBNKw6UqsXR.2","action":"GetUpdates Response", "result":"Success", "context":Received 1 update(s). cV=lV5jgmq3xLXrBNKw6UqsXR.0;server=GENERAL0300001X;cloudType=Consumer;environment=Prod_SoutheastAsia_000j;migrationStage=NotStarted}
{"logTime": "0827/022102", "correlationVector":"087S/CoB+QLYjU3oOX7ki/","action":"Normal GetUpdate request", "result":"", "context":cV=087S/CoB+QLYjU3oOX7ki/
Refresh requested types: Device Info, User Consents, Send Tab To Self, Encryption Keys}
{"logTime": "0827/022103", "correlationVector":"087S/CoB+QLYjU3oOX7ki/.1","action":"SyncServerConnectionManagerRequest", "result":"SYNC_SERVER_OK", "context":{"environment":"Prod_SoutheastAsia_000j", "migrationStage":"NotStarted", "server":"GENERAL0300002J"}}
{"logTime": "0827/022103", "correlationVector":"087S/CoB+QLYjU3oOX7ki/.2","action":"GetUpdates Response", "result":"Success", "context":Received 0 update(s). cV=087S/CoB+QLYjU3oOX7ki/.0;server=GENERAL0300002J;cloudType=Consumer;environment=Prod_SoutheastAsia_000j;migrationStage=NotStarted}
{"logTime": "0827/022405", "correlationVector":"OO9dHIhAoHj41T5yAcKYTh.1","action":"SyncServerConnectionManagerRequest", "result":"SYNC_SERVER_OK", "context":{"environment":"Prod_SoutheastAsia_000j", "migrationStage":"NotStarted", "server":"GENERAL0300001I"}}
{"logTime": "0827/022406", "correlationVector":"41Xkx78uooeB5DkYmpUHbk","action":"SyncServerConnectionManagerRequest", "result":"SYNC_SERVER_OK", "context":{"environment":"", "migrationStage":"", "server":""}}
{"logTime": "0827/022406", "correlationVector":"OO9dHIhAoHj41T5yAcKYTh","action":"Initial GetUpdates", "result":"", "context":Reason: NEW_CLIENT. cV=OO9dHIhAoHj41T5yAcKYTh}
{"logTime": "0827/022406", "correlationVector":"OO9dHIhAoHj41T5yAcKYTh.2","action":"GetUpdates Response", "result":"Success", "context":Received 1 update(s). cV=OO9dHIhAoHj41T5yAcKYTh.0;server=GENERAL0300001I;cloudType=Consumer;environment=Prod_SoutheastAsia_000j;migrationStage=NotStarted}
{"logTime": "0827/022406", "correlationVector":"U4VEGeobnP0PPZ5kq0IqvW","action":"Normal GetUpdate request", "result":"", "context":cV=U4VEGeobnP0PPZ5kq0IqvW
Refresh requested types: Device Info, User Consents, Send Tab To Self, Encryption Keys}
{"logTime": "0827/022406", "correlationVector":"U4VEGeobnP0PPZ5kq0IqvW.1","action":"SyncServerConnectionManagerRequest", "result":"SYNC_SERVER_OK", "context":{"environment":"Prod_SoutheastAsia_000j", "migrationStage":"NotStarted", "server":"GENERAL0100000B"}}
{"logTime": "0827/022406", "correlationVector":"U4VEGeobnP0PPZ5kq0IqvW.2","action":"GetUpdates Response", "result":"Success", "context":Received 0 update(s). cV=U4VEGeobnP0PPZ5kq0IqvW.0;server=GENERAL0100000B;cloudType=Consumer;environment=Prod_SoutheastAsia_000j;migrationStage=NotStarted}
{"logTime": "0827/022905", "correlationVector":"o72JABhzprkPvvlpXyh612","action":"Normal GetUpdate request", "result":"", "context":cV=o72JABhzprkPvvlpXyh612
Refresh requested types: Device Info, User Consents, Send Tab To Self, Encryption Keys}
{"logTime": "0827/022905", "correlationVector":"o72JABhzprkPvvlpXyh612.1","action":"SyncServerConnectionManagerRequest", "result":"SYNC_SERVER_OK", "context":{"environment":"Prod_SoutheastAsia_000j", "migrationStage":"NotStarted", "server":"GENERAL0100000P"}}
{"logTime": "0827/022905", "correlationVector":"o72JABhzprkPvvlpXyh612.2","action":"GetUpdates Response", "result":"Success", "context":Received 0 update(s). cV=o72JABhzprkPvvlpXyh612.0;server=GENERAL0100000P;cloudType=Consumer;environment=Prod_SoutheastAsia_000j;migrationStage=NotStarted}
{"logTime": "0827/023341", "correlationVector":"cTmFTWsUsolqC4vleu1HW/.1","action":"SyncServerConnectionManagerRequest", "result":"SYNC_SERVER_OK", "context":{"environment":"Prod_SoutheastAsia_000j", "migrationStage":"NotStarted", "server":"GENERAL0300002K"}}
{"logTime": "0827/023342", "correlationVector":"E6xg7JiHMk2tn1vmOO/Vc5","action":"SyncServerConnectionManagerRequest", "result":"SYNC_SERVER_OK", "context":{"environment":"", "migrationStage":"", "server":""}}
{"logTime": "0827/023342", "correlationVector":"cTmFTWsUsolqC4vleu1HW/","action":"Initial GetUpdates", "result":"", "context":Reason: NEW_CLIENT. cV=cTmFTWsUsolqC4vleu1HW/}
{"logTime": "0827/023342", "correlationVector":"cTmFTWsUsolqC4vleu1HW/.2","action":"GetUpdates Response", "result":"Success", "context":Received 1 update(s). cV=cTmFTWsUsolqC4vleu1HW/.0;server=GENERAL0300002K;cloudType=Consumer;environment=Prod_SoutheastAsia_000j;migrationStage=NotStarted}
{"logTime": "0827/023342", "correlationVector":"/pWNVHUBc2r//posGX1qxr","action":"Normal GetUpdate request", "result":"", "context":cV=/pWNVHUBc2r//posGX1qxr
Refresh requested types: Device Info, User Consents, Send Tab To Self, Encryption Keys}
{"logTime": "0827/023342", "correlationVector":"/pWNVHUBc2r//posGX1qxr.1","action":"SyncServerConnectionManagerRequest", "result":"SYNC_SERVER_OK", "context":{"environment":"Prod_SoutheastAsia_000j", "migrationStage":"NotStarted", "server":"GENERAL01000011"}}
{"logTime": "0827/023342", "correlationVector":"/pWNVHUBc2r//posGX1qxr.2","action":"GetUpdates Response", "result":"Success", "context":Received 0 update(s). cV=/pWNVHUBc2r//posGX1qxr.0;server=GENERAL01000011;cloudType=Consumer;environment=Prod_SoutheastAsia_000j;migrationStage=NotStarted}
{"logTime": "0827/023841", "correlationVector":"phrmyKvINpy5zusmGiZVeg","action":"Normal GetUpdate request", "result":"", "context":cV=phrmyKvINpy5zusmGiZVeg
Refresh requested types: Device Info, User Consents, Send Tab To Self, Encryption Keys}
{"logTime": "0827/023841", "correlationVector":"phrmyKvINpy5zusmGiZVeg.1","action":"SyncServerConnectionManagerRequest", "result":"SYNC_SERVER_OK", "context":{"environment":"Prod_SoutheastAsia_000j", "migrationStage":"NotStarted", "server":"GENERAL01000017"}}
{"logTime": "0827/023841", "correlationVector":"phrmyKvINpy5zusmGiZVeg.2","action":"GetUpdates Response", "result":"Success", "context":Received 0 update(s). cV=phrmyKvINpy5zusmGiZVeg.0;server=GENERAL01000017;cloudType=Consumer;environment=Prod_SoutheastAsia_000j;migrationStage=NotStarted}
